<?xml version="1.0" encoding="utf-8"?><testsuites name="pytest tests"><testsuite name="pytest" errors="0" failures="0" skipped="0" tests="42" time="13.538" timestamp="2026-09-19T14:49:33.102535-07:00" hostname="000cd4a2d4fa9a24-1438.local"><testcase classname="tests.test_procurement_phase2" name="test_world_identity_limits_and_economic_certificate[0]" time="0.150" /><testcase classname="tests.test_procurement_phase2" name="test_world_identity_limits_and_economic_certificate[1]" time="0.150" /><testcase classname="tests.test_procurement_phase2" name="test_world_identity_limits_and_economic_certificate[2]" time="0.149" /><testcase classname="tests.test_procurement_phase2" name="test_world_identity_limits_and_economic_certificate[3]" time="0.149" /><testcase classname="tests.test_procurement_phase2" name="test_world_identity_limits_and_economic_certificate[4]" time="0.152" /><testcase classname="tests.test_procurement_phase2" name="test_world_identity_limits_and_economic_certificate[5]" time="0.150" /><testcase classname="tests.test_procurement_phase2" name="test_world_identity_limits_and_economic_certificate[6]" time="0.147" /><testcase classname="tests.test_procurement_phase2" name="test_world_identity_limits_and_economic_certificate[7]" time="0.147" /><testcase classname="tests.test_procurement_phase2" name="test_traps_reject_every_action_reachable_purchase_even_with_all_evidence[6]" time="0.025" /><testcase classname="tests.test_procurement_phase2" name="test_traps_reject_every_action_reachable_purchase_even_with_all_evidence[7]" time="0.025" /><testcase classname="tests.test_procurement_phase2" name="test_checker_disabled_at_schema_parse_legality_and_step" time="0.002" /><testcase classname="tests.test_procurement_phase2" name="test_observation_hides_current_yield_noise_seed_and_category" time="0.002" /><testcase classname="tests.test_procurement_phase2" name="test_costs_survive_defer_and_invalid_awards" time="0.005" /><testcase classname="tests.test_procurement_phase2" name="test_evidence_gate_rejects_missing_sample_expiry_and_wrong_variant" time="0.006" /><testcase classname="tests.test_procurement_phase2" name="test_dynamic_stopping_changes_on_acquired_evidence_only" time="0.004" /><testcase classname="tests.test_procurement_phase2" name="test_catalog_order_does_not_select_reference_actions[0]" time="0.155" /><testcase classname="tests.test_procurement_phase2" name="test_catalog_order_does_not_select_reference_actions[1]" time="0.153" /><testcase classname="tests.test_procurement_phase2" name="test_catalog_order_does_not_select_reference_actions[2]" time="0.150" /><testcase classname="tests.test_procurement_phase2" name="test_catalog_order_does_not_select_reference_actions[3]" time="0.153" /><testcase classname="tests.test_procurement_phase2" name="test_catalog_order_does_not_select_reference_actions[4]" time="0.149" /><testcase classname="tests.test_procurement_phase2" name="test_catalog_order_does_not_select_reference_actions[5]" time="0.148" /><testcase classname="tests.test_procurement_phase2" name="test_catalog_order_does_not_select_reference_actions[6]" time="0.145" /><testcase classname="tests.test_procurement_phase2" name="test_catalog_order_does_not_select_reference_actions[7]" time="0.145" /><testcase classname="tests.test_procurement_phase2" name="test_market_certificate_cannot_lie" time="0.002" /><testcase classname="tests.test_procurement_phase2" name="test_closed_observation_schema_covers_all_offline_frames" time="0.042" /><testcase classname="tests.test_procurement_phase2" name="test_new_family_requires_real_admission_for_production" time="0.001" /><testcase classname="tests.test_procurement_phase2" name="test_shared_runner_receipt_replays_for_awards_and_zero_bound_traps[0]" time="0.388" /><testcase classname="tests.test_procurement_phase2" name="test_shared_runner_receipt_replays_for_awards_and_zero_bound_traps[2]" time="0.066" /><testcase classname="tests.test_procurement_phase2" name="test_shared_runner_receipt_replays_for_awards_and_zero_bound_traps[6]" time="0.043" /><testcase classname="tests.test_procurement_phase2" name="test_shared_runner_receipt_replays_for_awards_and_zero_bound_traps[7]" time="0.042" /><testcase classname="tests.test_procurement_phase2" name="test_behavior_diagnostics_bind_sample_to_next_action" time="0.009" /><testcase classname="tests.test_procurement_phase2_execution" name="test_fresh_phase2_ceiling_and_pre_dispatch_reservation" time="0.001" /><testcase classname="tests.test_procurement_phase2_execution" name="test_retry_reserves_unknown_429_charge_and_cannot_change_request" time="0.001" /><testcase classname="tests.test_procurement_phase2_execution" name="test_ambiguous_failure_stops_further_dispatch" time="0.001" /><testcase classname="tests.test_procurement_phase2_execution" name="test_fixed_world_cluster_analysis_and_missingness" time="0.016" /><testcase classname="tests.test_procurement_phase2_execution" name="test_pilot_does_not_reward_always_defer_or_claim_unobserved_variance" time="0.013" /><testcase classname="tests.test_procurement_phase2_execution" name="test_screen_measures_all_worlds_without_zero_bound_division" time="1.918" /><testcase classname="tests.test_procurement_phase2_execution" name="test_full_campaign_gates_64_replayed_rows_and_one_freeze" time="7.779" /><testcase classname="tests.test_procurement_phase2_execution" name="test_live_row_preserves_unknown_retry_billing" time="0.062" /><testcase classname="tests.test_procurement_phase2_action_format" name="test_all_eleven_observed_failures_remain_failures_and_localize_missing_field" time="0.067" /><testcase classname="tests.test_procurement_phase2_action_format" name="test_recovery_schema_changes_documentation_only_and_common_prompt_is_shared" time="0.000" /><testcase classname="tests.test_procurement_phase2_action_format" name="test_economics_worlds_and_verifier_bytes_are_unchanged_from_failed_pilot" time="0.001" /></testsuite></testsuites>