<?xml version="1.0" encoding="utf-8"?><testsuites name="pytest tests"><testsuite name="pytest" errors="0" failures="0" skipped="267" tests="4060" time="148.515" timestamp="2026-09-19T14:29:46.566547-07:00" hostname="000cd4a2d4fa9a24-1438.local"><testcase classname="" name="tests.test_agenticpay_bilateral_cases" time="0.000"><skipped message="collection skipped">('/Users/chenyusu/AERead-worktrees/procurement-phase2/AERead/tests/test_agenticpay_bilateral_cases.py', 32, 'Skipped: pinned upstream AgenticPay checkout not found at /Users/sunzeyu/Documents/econ benchmark/upstream-agenticpay')</skipped></testcase><testcase classname="" name="tests.test_agenticpay_bilateral_environment" time="0.000"><skipped message="collection skipped">('/Users/chenyusu/AERead-worktrees/procurement-phase2/AERead/tests/test_agenticpay_bilateral_environment.py', 49, 'Skipped: pinned upstream AgenticPay checkout not found at /Users/sunzeyu/Documents/econ benchmark/upstream-agenticpay')</skipped></testcase><testcase classname="" name="tests.test_agenticpay_bilateral_measurement" time="0.000"><skipped message="collection skipped">('/Users/chenyusu/AERead-worktrees/procurement-phase2/AERead/tests/test_agenticpay_bilateral_measurement.py', 340, 'Skipped: pinned upstream AgenticPay checkout not found at /Users/sunzeyu/Documents/econ benchmark/upstream-agenticpay')</skipped></testcase><testcase classname="" name="tests.test_alympics_wac_environment" time="0.000"><skipped message="collection skipped">('/Users/chenyusu/AERead-worktrees/procurement-phase2/AERead/tests/test_alympics_wac_environment.py', 48, 'Skipped: pinned upstream Alympics checkout not found at /Users/sunzeyu/Documents/econ benchmark/upstream-alympics')</skipped></testcase><testcase classname="" name="tests.test_alympics_wac_harness" time="0.000"><skipped message="collection skipped">('/Users/chenyusu/AERead-worktrees/procurement-phase2/AERead/tests/test_alympics_wac_harness.py', 46, 'Skipped: pinned upstream Alympics checkout not found at /Users/sunzeyu/Documents/econ benchmark/upstream-alympics')</skipped></testcase><testcase classname="" name="tests.test_alympics_wac_measurement" time="0.000"><skipped message="collection skipped">('/Users/chenyusu/AERead-worktrees/procurement-phase2/AERead/tests/test_alympics_wac_measurement.py', 38, 'Skipped: pinned upstream Alympics checkout not found at /Users/sunzeyu/Documents/econ benchmark/upstream-alympics')</skipped></testcase><testcase classname="" name="tests.test_alympics_wac_parity" time="0.000"><skipped message="collection skipped">('/Users/chenyusu/AERead-worktrees/procurement-phase2/AERead/tests/test_alympics_wac_parity.py', 31, 'Skipped: pinned upstream Alympics checkout not found at /Users/sunzeyu/Documents/econ benchmark/upstream-alympics')</skipped></testcase><testcase classname="" name="tests.test_alympics_wac_replay" time="0.000"><skipped message="collection skipped">('/Users/chenyusu/AERead-worktrees/procurement-phase2/AERead/tests/test_alympics_wac_replay.py', 87, 'Skipped: pinned upstream Alympics checkout not found at /Users/sunzeyu/Documents/econ benchmark/upstream-alympics')</skipped></testcase><testcase classname="" name="tests.test_aucarena_cases" time="0.000"><skipped message="collection skipped">('/Users/chenyusu/AERead-worktrees/procurement-phase2/AERead/tests/test_aucarena_cases.py', 35, 'Skipped: pinned upstream auction-arena checkout not found at /Users/sunzeyu/Documents/econ benchmark/upstream-aucarena')</skipped></testcase><testcase classname="" name="tests.test_econagent_cases" time="0.000"><skipped message="collection skipped">('/Users/chenyusu/AERead-worktrees/procurement-phase2/AERead/tests/test_econagent_cases.py', 31, 'Skipped: pinned upstream EconAgent checkout not found at /Users/sunzeyu/Documents/econ benchmark/upstream-econagent')</skipped></testcase><testcase classname="" name="tests.test_econagent_e2e" time="0.000"><skipped message="collection skipped">('/Users/chenyusu/AERead-worktrees/procurement-phase2/AERead/tests/test_econagent_e2e.py', 56, 'Skipped: pinned upstream EconAgent checkout not found at /Users/sunzeyu/Documents/econ benchmark/upstream-econagent')</skipped></testcase><testcase classname="" name="tests.test_econagent_environment" time="0.000"><skipped message="collection skipped">('/Users/chenyusu/AERead-worktrees/procurement-phase2/AERead/tests/test_econagent_environment.py', 43, 'Skipped: pinned upstream EconAgent checkout not found at /Users/sunzeyu/Documents/econ benchmark/upstream-econagent')</skipped></testcase><testcase classname="" name="tests.test_econagent_goldens" time="0.000"><skipped message="collection skipped">('/Users/chenyusu/AERead-worktrees/procurement-phase2/AERead/tests/test_econagent_goldens.py', 79, 'Skipped: pinned upstream EconAgent checkout not found at /Users/sunzeyu/Documents/econ benchmark/upstream-econagent')</skipped></testcase><testcase classname="" name="tests.test_econagent_measurement" time="0.000"><skipped message="collection skipped">('/Users/chenyusu/AERead-worktrees/procurement-phase2/AERead/tests/test_econagent_measurement.py', 57, 'Skipped: pinned upstream EconAgent checkout not found at /Users/sunzeyu/Documents/econ benchmark/upstream-econagent')</skipped></testcase><testcase classname="" name="tests.test_econagent_parity" time="0.000"><skipped message="collection skipped">('/Users/chenyusu/AERead-worktrees/procurement-phase2/AERead/tests/test_econagent_parity.py', 34, 'Skipped: pinned upstream EconAgent checkout not found at /Users/sunzeyu/Documents/econ benchmark/upstream-econagent')</skipped></testcase><testcase classname="" name="tests.test_econagent_replay" time="0.000"><skipped message="collection skipped">('/Users/chenyusu/AERead-worktrees/procurement-phase2/AERead/tests/test_econagent_replay.py', 98, 'Skipped: pinned upstream EconAgent checkout not found at /Users/sunzeyu/Documents/econ benchmark/upstream-econagent')</skipped></testcase><testcase classname="" name="tests.test_govsim_cases" time="0.000"><skipped message="collection skipped">('/Users/chenyusu/AERead-worktrees/procurement-phase2/AERead/tests/test_govsim_cases.py', 31, 'Skipped: pinned upstream govsim checkout not found at /Users/sunzeyu/Documents/econ benchmark/upstream-govsim')</skipped></testcase><testcase classname="" name="tests.test_negarena_harness" time="0.000"><skipped message="collection skipped">('/Users/chenyusu/AERead-worktrees/procurement-phase2/AERead/tests/test_negarena_harness.py', 67, 'Skipped: pinned upstream NegotiationArena checkout not found at /Users/sunzeyu/Documents/econ benchmark/upstream-negarena')</skipped></testcase><testcase classname="" name="tests.test_negarena_kernel_finalizer" time="0.000"><skipped message="collection skipped">('/Users/chenyusu/AERead-worktrees/procurement-phase2/AERead/tests/test_negarena_kernel_finalizer.py', 82, 'Skipped: pinned upstream NegotiationArena checkout not found at /Users/sunzeyu/Documents/econ benchmark/upstream-negarena')</skipped></testcase><testcase classname="" name="tests.test_steer_cases" time="0.000"><skipped message="collection skipped">('/Users/chenyusu/AERead-worktrees/procurement-phase2/AERead/tests/test_steer_cases.py', 44, 'Skipped: pinned upstream STEER checkout not found at /Users/sunzeyu/Documents/econ benchmark/upstream-steer')</skipped></testcase><testcase classname="" name="tests.test_steer_e2e" time="0.000"><skipped message="collection skipped">('/Users/chenyusu/AERead-worktrees/procurement-phase2/AERead/tests/test_steer_e2e.py', 66, 'Skipped: flattened cache not built yet at /Users/sunzeyu/Documents/econ benchmark/bridges/steer-data; run src/aeread_families/steer/cases.py first')</skipped></testcase><testcase classname="" name="tests.test_steer_environment" time="0.000"><skipped message="collection skipped">('/Users/chenyusu/AERead-worktrees/procurement-phase2/AERead/tests/test_steer_environment.py', 35, 'Skipped: flattened cache not built yet at /Users/sunzeyu/Documents/econ benchmark/bridges/steer-data; run src/aeread_families/steer/cases.py first')</skipped></testcase><testcase classname="" name="tests.test_steer_goldens" time="0.000"><skipped message="collection skipped">('/Users/chenyusu/AERead-worktrees/procurement-phase2/AERead/tests/test_steer_goldens.py', 39, 'Skipped: flattened cache not built yet at /Users/sunzeyu/Documents/econ benchmark/bridges/steer-data; run src/aeread_families/steer/cases.py first')</skipped></testcase><testcase classname="" name="tests.test_steer_measurement" time="0.000"><skipped message="collection skipped">('/Users/chenyusu/AERead-worktrees/procurement-phase2/AERead/tests/test_steer_measurement.py', 41, 'Skipped: flattened cache not built yet at /Users/sunzeyu/Documents/econ benchmark/bridges/steer-data; run src/aeread_families/steer/cases.py first')</skipped></testcase><testcase classname="" name="tests.test_steer_replay" time="0.000"><skipped message="collection skipped">('/Users/chenyusu/AERead-worktrees/procurement-phase2/AERead/tests/test_steer_replay.py', 56, 'Skipped: flattened cache not built yet at /Users/sunzeyu/Documents/econ benchmark/bridges/steer-data; run src/aeread_families/steer/cases.py first')</skipped></testcase><testcase classname="" name="tests.test_tau3_retail_cases" time="0.000"><skipped message="collection skipped">('/Users/chenyusu/AERead-worktrees/procurement-phase2/AERead/tests/test_tau3_retail_cases.py', 32, 'Skipped: pinned upstream tau2-bench checkout not found at /Users/sunzeyu/Documents/econ benchmark/upstream-tau2')</skipped></testcase><testcase classname="" name="tests.test_tau3_retail_environment" time="0.000"><skipped message="collection skipped">('/Users/chenyusu/AERead-worktrees/procurement-phase2/AERead/tests/test_tau3_retail_environment.py', 45, 'Skipped: pinned upstream tau2-bench checkout not found at /Users/sunzeyu/Documents/econ benchmark/upstream-tau2')</skipped></testcase><testcase classname="" name="tests.test_tau3_retail_measurement" time="0.000"><skipped message="collection skipped">('/Users/chenyusu/AERead-worktrees/procurement-phase2/AERead/tests/test_tau3_retail_measurement.py', 313, 'Skipped: pinned upstream tau2-bench checkout not found at /Users/sunzeyu/Documents/econ benchmark/upstream-tau2')</skipped></testcase><testcase classname="" name="tests.test_tau3_retail_parity" time="0.000"><skipped message="collection skipped">('/Users/chenyusu/AERead-worktrees/procurement-phase2/AERead/tests/test_tau3_retail_parity.py', 34, 'Skipped: pinned upstream tau2-bench checkout not found at /Users/sunzeyu/Documents/econ benchmark/upstream-tau2')</skipped></testcase><testcase classname="" name="tests.test_tau3_retail_replay" time="0.000"><skipped message="collection skipped">('/Users/chenyusu/AERead-worktrees/procurement-phase2/AERead/tests/test_tau3_retail_replay.py', 57, 'Skipped: pinned upstream tau2-bench checkout not found at /Users/sunzeyu/Documents/econ benchmark/upstream-tau2')</skipped></testcase><testcase classname="" name="tests.test_tau3_retail_tools" time="0.000"><skipped message="collection skipped">('/Users/chenyusu/AERead-worktrees/procurement-phase2/AERead/tests/test_tau3_retail_tools.py', 51, 'Skipped: pinned upstream tau2-bench checkout not found at /Users/sunzeyu/Documents/econ benchmark/upstream-tau2')</skipped></testcase><testcase classname="tests.test_datacenter_adoption" name="test_published_adoption_campaigns_are_sealed_and_sanitized" time="0.010" /><testcase classname="tests.test_adapter_campaign" name="test_adapter_canary_is_hashed_and_resumable" time="0.004" /><testcase classname="tests.test_amazonbarg_cases" name="test_golden_2_calphalon_cost_and_budget" time="0.000"><skipped type="pytest.skip" message="pinned upstream AmazonPriceHistory checkout not found at /Users/sunzeyu/Documents/econ benchmark/upstream-amazonbarg (set AEREAD_AMAZONBARG_UPSTREAM_ROOT)">/Users/chenyusu/AERead-worktrees/procurement-phase2/AERead/tests/test_amazonbarg_cases.py:314: pinned upstream AmazonPriceHistory checkout not found at /Users/sunzeyu/Documents/econ benchmark/upstream-amazonbarg (set AEREAD_AMAZONBARG_UPSTREAM_ROOT)</skipped></testcase><testcase classname="tests.test_collusion_cases" name="test_format_alpha[1.0-1]" time="0.001" /><testcase classname="tests.test_amazonbarg_cases" name="test_golden_3_breville_cost_and_budget" time="0.000"><skipped type="pytest.skip" message="pinned upstream AmazonPriceHistory checkout not found at /Users/sunzeyu/Documents/econ benchmark/upstream-amazonbarg (set AEREAD_AMAZONBARG_UPSTREAM_ROOT)">/Users/chenyusu/AERead-worktrees/procurement-phase2/AERead/tests/test_amazonbarg_cases.py:322: pinned upstream AmazonPriceHistory checkout not found at /Users/sunzeyu/Documents/econ benchmark/upstream-amazonbarg (set AEREAD_AMAZONBARG_UPSTREAM_ROOT)</skipped></testcase><testcase classname="tests.test_amazonbarg_cases" name="test_golden_5_dji_drone_is_the_pilots_one_conflicting_interest_session" time="0.000"><skipped type="pytest.skip" message="pinned upstream AmazonPriceHistory checkout not found at /Users/sunzeyu/Documents/econ benchmark/upstream-amazonbarg (set AEREAD_AMAZONBARG_UPSTREAM_ROOT)">/Users/chenyusu/AERead-worktrees/procurement-phase2/AERead/tests/test_amazonbarg_cases.py:330: pinned upstream AmazonPriceHistory checkout not found at /Users/sunzeyu/Documents/econ benchmark/upstream-amazonbarg (set AEREAD_AMAZONBARG_UPSTREAM_ROOT)</skipped></testcase><testcase classname="tests.test_econevals_measurement" name="test_golden_4_is_not_conflatable_with_golden_3s_domain_legality_failure" time="0.002" /><testcase classname="tests.test_aucarena_measurement" name="test_no_objective_reference_leaf_is_declared" time="0.002" /><testcase classname="tests.test_datacenter_terms_public_integrated_v7_campaign" name="test_integrated_v7_pair_requires_both_routes" time="0.068" /><testcase classname="tests.test_collusion_cases" name="test_format_alpha[3.2-3p2]" time="0.001" /><testcase classname="tests.test_datacenter_terms_public_candidate_screen" name="test_candidate_screen_contract_rejects_basis_case_or_route_drift" time="0.031" /><testcase classname="tests.test_amazonbarg_cases" name="test_payload_product_is_the_verbatim_pinned_category_file_record" time="0.000"><skipped type="pytest.skip" message="pinned upstream AmazonPriceHistory checkout not found at /Users/sunzeyu/Documents/econ benchmark/upstream-amazonbarg (set AEREAD_AMAZONBARG_UPSTREAM_ROOT)">/Users/chenyusu/AERead-worktrees/procurement-phase2/AERead/tests/test_amazonbarg_cases.py:339: pinned upstream AmazonPriceHistory checkout not found at /Users/sunzeyu/Documents/econ benchmark/upstream-amazonbarg (set AEREAD_AMAZONBARG_UPSTREAM_ROOT)</skipped></testcase><testcase classname="tests.test_amazonbarg_cases" name="test_case_record_round_trips_through_the_strict_r1_grammar" time="0.000"><skipped type="pytest.skip" message="pinned upstream AmazonPriceHistory checkout not found at /Users/sunzeyu/Documents/econ benchmark/upstream-amazonbarg (set AEREAD_AMAZONBARG_UPSTREAM_ROOT)">/Users/chenyusu/AERead-worktrees/procurement-phase2/AERead/tests/test_amazonbarg_cases.py:345: pinned upstream AmazonPriceHistory checkout not found at /Users/sunzeyu/Documents/econ benchmark/upstream-amazonbarg (set AEREAD_AMAZONBARG_UPSTREAM_ROOT)</skipped></testcase><testcase classname="tests.test_amazonbarg_cases" name="test_case_content_sha256_matches_the_kernel_resolver_computation" time="0.000"><skipped type="pytest.skip" message="pinned upstream AmazonPriceHistory checkout not found at /Users/sunzeyu/Documents/econ benchmark/upstream-amazonbarg (set AEREAD_AMAZONBARG_UPSTREAM_ROOT)">/Users/chenyusu/AERead-worktrees/procurement-phase2/AERead/tests/test_amazonbarg_cases.py:351: pinned upstream AmazonPriceHistory checkout not found at /Users/sunzeyu/Documents/econ benchmark/upstream-amazonbarg (set AEREAD_AMAZONBARG_UPSTREAM_ROOT)</skipped></testcase><testcase classname="tests.test_collusion_cases" name="test_format_alpha[10.0-10]" time="0.001" /><testcase classname="tests.test_collusion_cases" name="test_ceiling_multiplier_is_deterministic_and_in_range" time="0.001" /><testcase classname="tests.test_econevals_measurement" name="test_golden_5_degenerate_reference_procurement_has_zero_regret_without_dividing_by_zero" time="0.000"><skipped type="pytest.skip" message="no pinned upstream econ-evals Python interpreter found: set $AEREAD_ECONEVALS_BRIDGE_PYTHON to a Python &gt;=3.12 executable with the pinned upstream package importable (see tools/econevals_bridge/provision.sh), or provision the default venv at /Users/sunzeyu/Documents/econ benchmark/bridges/econevals-venv/bin/python. AERead's own venv intentionally does not carry econ-evals' runtime dependencies -- see docs/econevals_adapter_spec.md.">/Users/chenyusu/AERead-worktrees/procurement-phase2/AERead/tests/test_econevals_measurement.py:55: no pinned upstream econ-evals Python interpreter found: set $AEREAD_ECONEVALS_BRIDGE_PYTHON to a Python &gt;=3.12 executable with the pinned upstream package importable (see tools/econevals_bridge/provision.sh), or provision the default venv at /Users/sunzeyu/Documents/econ benchmark/bridges/econevals-venv/bin/python. AERead's own venv intentionally does not carry econ-evals' runtime dependencies -- see docs/econevals_adapter_spec.md.</skipped></testcase><testcase classname="tests.test_aucarena_measurement" name="test_profit_vs_field_leaf_is_declared_even_for_an_empty_field" time="0.000" /><testcase classname="tests.test_aucarena_measurement" name="test_bid_legality_reference_kind_rejected_by_a_disallowed_scope" time="0.001" /><testcase classname="tests.test_amazonbarg_cases" name="test_world_seeds_are_unique_and_reflect_full_corpus_position" time="0.000"><skipped type="pytest.skip" message="pinned upstream AmazonPriceHistory checkout not found at /Users/sunzeyu/Documents/econ benchmark/upstream-amazonbarg (set AEREAD_AMAZONBARG_UPSTREAM_ROOT)">/Users/chenyusu/AERead-worktrees/procurement-phase2/AERead/tests/test_amazonbarg_cases.py:360: pinned upstream AmazonPriceHistory checkout not found at /Users/sunzeyu/Documents/econ benchmark/upstream-amazonbarg (set AEREAD_AMAZONBARG_UPSTREAM_ROOT)</skipped></testcase><testcase classname="tests.test_amazonbarg_cases" name="test_build_pilot_manifest_has_45_ids_in_corpus_order" time="0.000"><skipped type="pytest.skip" message="pinned upstream AmazonPriceHistory checkout not found at /Users/sunzeyu/Documents/econ benchmark/upstream-amazonbarg (set AEREAD_AMAZONBARG_UPSTREAM_ROOT)">/Users/chenyusu/AERead-worktrees/procurement-phase2/AERead/tests/test_amazonbarg_cases.py:371: pinned upstream AmazonPriceHistory checkout not found at /Users/sunzeyu/Documents/econ benchmark/upstream-amazonbarg (set AEREAD_AMAZONBARG_UPSTREAM_ROOT)</skipped></testcase><testcase classname="tests.test_amazonbarg_cases" name="test_pilot_manifest_hash_changes_if_the_id_list_changes" time="0.000"><skipped type="pytest.skip" message="pinned upstream AmazonPriceHistory checkout not found at /Users/sunzeyu/Documents/econ benchmark/upstream-amazonbarg (set AEREAD_AMAZONBARG_UPSTREAM_ROOT)">/Users/chenyusu/AERead-worktrees/procurement-phase2/AERead/tests/test_amazonbarg_cases.py:387: pinned upstream AmazonPriceHistory checkout not found at /Users/sunzeyu/Documents/econ benchmark/upstream-amazonbarg (set AEREAD_AMAZONBARG_UPSTREAM_ROOT)</skipped></testcase><testcase classname="tests.test_adapter_campaign" name="test_adapter_canary_rejects_a_truncated_json_response" time="0.003" /><testcase classname="tests.test_econevals_measurement" name="test_parity_pricing_profit_matches_an_independent_bridge_call" time="0.000"><skipped type="pytest.skip" message="no pinned upstream econ-evals Python interpreter found: set $AEREAD_ECONEVALS_BRIDGE_PYTHON to a Python &gt;=3.12 executable with the pinned upstream package importable (see tools/econevals_bridge/provision.sh), or provision the default venv at /Users/sunzeyu/Documents/econ benchmark/bridges/econevals-venv/bin/python. AERead's own venv intentionally does not carry econ-evals' runtime dependencies -- see docs/econevals_adapter_spec.md.">/Users/chenyusu/AERead-worktrees/procurement-phase2/AERead/tests/test_econevals_measurement.py:55: no pinned upstream econ-evals Python interpreter found: set $AEREAD_ECONEVALS_BRIDGE_PYTHON to a Python &gt;=3.12 executable with the pinned upstream package importable (see tools/econevals_bridge/provision.sh), or provision the default venv at /Users/sunzeyu/Documents/econ benchmark/bridges/econevals-venv/bin/python. AERead's own venv intentionally does not carry econ-evals' runtime dependencies -- see docs/econevals_adapter_spec.md.</skipped></testcase><testcase classname="tests.test_econevals_measurement" name="test_parity_procurement_opt_utility_matches_an_independent_bridge_call" time="0.000"><skipped type="pytest.skip" message="no pinned upstream econ-evals Python interpreter found: set $AEREAD_ECONEVALS_BRIDGE_PYTHON to a Python &gt;=3.12 executable with the pinned upstream package importable (see tools/econevals_bridge/provision.sh), or provision the default venv at /Users/sunzeyu/Documents/econ benchmark/bridges/econevals-venv/bin/python. AERead's own venv intentionally does not carry econ-evals' runtime dependencies -- see docs/econevals_adapter_spec.md.">/Users/chenyusu/AERead-worktrees/procurement-phase2/AERead/tests/test_econevals_measurement.py:55: no pinned upstream econ-evals Python interpreter found: set $AEREAD_ECONEVALS_BRIDGE_PYTHON to a Python &gt;=3.12 executable with the pinned upstream package importable (see tools/econevals_bridge/provision.sh), or provision the default venv at /Users/sunzeyu/Documents/econ benchmark/bridges/econevals-venv/bin/python. AERead's own venv intentionally does not carry econ-evals' runtime dependencies -- see docs/econevals_adapter_spec.md.</skipped></testcase><testcase classname="tests.test_econevals_measurement" name="test_parity_scheduling_blocking_pairs_matches_an_independent_bridge_call" time="0.000"><skipped type="pytest.skip" message="no pinned upstream econ-evals Python interpreter found: set $AEREAD_ECONEVALS_BRIDGE_PYTHON to a Python &gt;=3.12 executable with the pinned upstream package importable (see tools/econevals_bridge/provision.sh), or provision the default venv at /Users/sunzeyu/Documents/econ benchmark/bridges/econevals-venv/bin/python. AERead's own venv intentionally does not carry econ-evals' runtime dependencies -- see docs/econevals_adapter_spec.md.">/Users/chenyusu/AERead-worktrees/procurement-phase2/AERead/tests/test_econevals_measurement.py:55: no pinned upstream econ-evals Python interpreter found: set $AEREAD_ECONEVALS_BRIDGE_PYTHON to a Python &gt;=3.12 executable with the pinned upstream package importable (see tools/econevals_bridge/provision.sh), or provision the default venv at /Users/sunzeyu/Documents/econ benchmark/bridges/econevals-venv/bin/python. AERead's own venv intentionally does not carry econ-evals' runtime dependencies -- see docs/econevals_adapter_spec.md.</skipped></testcase><testcase classname="tests.test_econevals_measurement" name="test_score_terminal_state_with_no_attempts_is_invalid_measurement" time="0.001" /><testcase classname="tests.test_econevals_measurement" name="test_unrecognized_attempt_error_is_refused_rather_than_silently_scored" time="0.000" /><testcase classname="tests.test_econevals_measurement" name="test_score_envelope_contract_refuses_an_ok_status_without_a_primary" time="0.000" /><testcase classname="tests.test_econevals_replay" name="test_recorded_episode_round_trips_through_plain_json" time="0.001" /><testcase classname="tests.test_aucarena_measurement" name="test_build_scorer_field_seats_excludes_the_tested_seat" time="0.040" /><testcase classname="tests.test_collusion_cases" name="test_write_cases_is_byte_identical_across_two_runs" time="1.335" /><testcase classname="tests.test_amazonbarg_cases" name="test_build_pilot_manifest_raises_when_case_count_is_not_45" time="0.001" /><testcase classname="tests.test_amazonbarg_cases" name="test_pilot_manifest_digest_is_independent_of_insertion_order" time="0.001" /><testcase classname="tests.test_econevals_replay" name="test_recorded_response_source_enforces_ordering_and_reports_exhaustion" time="0.005" /><testcase classname="tests.test_amazonbarg_cases" name="test_importer_is_byte_identical_across_two_runs" time="0.000"><skipped type="pytest.skip" message="pinned upstream AmazonPriceHistory checkout not found at /Users/sunzeyu/Documents/econ benchmark/upstream-amazonbarg (set AEREAD_AMAZONBARG_UPSTREAM_ROOT)">/Users/chenyusu/AERead-worktrees/procurement-phase2/AERead/tests/test_amazonbarg_cases.py:435: pinned upstream AmazonPriceHistory checkout not found at /Users/sunzeyu/Documents/econ benchmark/upstream-amazonbarg (set AEREAD_AMAZONBARG_UPSTREAM_ROOT)</skipped></testcase><testcase classname="tests.test_amazonbarg_cases" name="test_importer_writes_exactly_45_case_files_plus_pins_and_pilot" time="0.000"><skipped type="pytest.skip" message="pinned upstream AmazonPriceHistory checkout not found at /Users/sunzeyu/Documents/econ benchmark/upstream-amazonbarg (set AEREAD_AMAZONBARG_UPSTREAM_ROOT)">/Users/chenyusu/AERead-worktrees/procurement-phase2/AERead/tests/test_amazonbarg_cases.py:454: pinned upstream AmazonPriceHistory checkout not found at /Users/sunzeyu/Documents/econ benchmark/upstream-amazonbarg (set AEREAD_AMAZONBARG_UPSTREAM_ROOT)</skipped></testcase><testcase classname="tests.test_amazonbarg_cases" name="test_checked_in_case_directory_matches_a_fresh_import" time="0.000"><skipped type="pytest.skip" message="pinned upstream AmazonPriceHistory checkout not found at /Users/sunzeyu/Documents/econ benchmark/upstream-amazonbarg (set AEREAD_AMAZONBARG_UPSTREAM_ROOT)">/Users/chenyusu/AERead-worktrees/procurement-phase2/AERead/tests/test_amazonbarg_cases.py:476: pinned upstream AmazonPriceHistory checkout not found at /Users/sunzeyu/Documents/econ benchmark/upstream-amazonbarg (set AEREAD_AMAZONBARG_UPSTREAM_ROOT)</skipped></testcase><testcase classname="tests.test_adapter_campaign" name="test_adapter_canary_does_not_resume_a_checkpoint_for_another_family" time="0.005" /><testcase classname="tests.test_amazonbarg_environment" name="test_family_manifest_declares_all_five_leaves_with_bargained_ratio_primary" time="0.000" /><testcase classname="tests.test_amazonbarg_environment" name="test_plugin_registers_every_required_hook_through_normal_registry" time="0.000"><skipped type="pytest.skip" message="pinned upstream AmazonPriceHistory checkout not found at /Users/sunzeyu/Documents/econ benchmark/upstream-amazonbarg (set AEREAD_AMAZONBARG_UPSTREAM_ROOT)">/Users/chenyusu/AERead-worktrees/procurement-phase2/AERead/tests/test_amazonbarg_environment.py:172: pinned upstream AmazonPriceHistory checkout not found at /Users/sunzeyu/Documents/econ benchmark/upstream-amazonbarg (set AEREAD_AMAZONBARG_UPSTREAM_ROOT)</skipped></testcase><testcase classname="tests.test_amazonbarg_environment" name="test_build_scorer_returns_the_five_declared_measurement_leaves" time="0.000"><skipped type="pytest.skip" message="pinned upstream AmazonPriceHistory checkout not found at /Users/sunzeyu/Documents/econ benchmark/upstream-amazonbarg (set AEREAD_AMAZONBARG_UPSTREAM_ROOT)">/Users/chenyusu/AERead-worktrees/procurement-phase2/AERead/tests/test_amazonbarg_environment.py:195: pinned upstream AmazonPriceHistory checkout not found at /Users/sunzeyu/Documents/econ benchmark/upstream-amazonbarg (set AEREAD_AMAZONBARG_UPSTREAM_ROOT)</skipped></testcase><testcase classname="tests.test_amazonbarg_environment" name="test_validate_payload_accepts_every_real_pilot_case" time="0.000"><skipped type="pytest.skip" message="pinned upstream AmazonPriceHistory checkout not found at /Users/sunzeyu/Documents/econ benchmark/upstream-amazonbarg (set AEREAD_AMAZONBARG_UPSTREAM_ROOT)">/Users/chenyusu/AERead-worktrees/procurement-phase2/AERead/tests/test_amazonbarg_environment.py:223: pinned upstream AmazonPriceHistory checkout not found at /Users/sunzeyu/Documents/econ benchmark/upstream-amazonbarg (set AEREAD_AMAZONBARG_UPSTREAM_ROOT)</skipped></testcase><testcase classname="tests.test_datacenter_adoption" name="test_v3_publication_records_real_counteroffer_opportunities" time="0.001" /><testcase classname="tests.test_datacenter_affordance" name="test_affordance_cases_are_hash_pinned_and_differ_only_by_condition" time="0.001" /><testcase classname="tests.test_datacenter_affordance" name="test_affordance_initial_observations_are_identical_and_hide_policy" time="0.005" /><testcase classname="tests.test_amazonbarg_environment" name="test_validate_payload_rejects_a_tampered_product_record" time="0.000"><skipped type="pytest.skip" message="pinned upstream AmazonPriceHistory checkout not found at /Users/sunzeyu/Documents/econ benchmark/upstream-amazonbarg (set AEREAD_AMAZONBARG_UPSTREAM_ROOT)">/Users/chenyusu/AERead-worktrees/procurement-phase2/AERead/tests/test_amazonbarg_environment.py:233: pinned upstream AmazonPriceHistory checkout not found at /Users/sunzeyu/Documents/econ benchmark/upstream-amazonbarg (set AEREAD_AMAZONBARG_UPSTREAM_ROOT)</skipped></testcase><testcase classname="tests.test_amazonbarg_environment" name="test_validate_payload_rejects_the_wrong_upstream_commit" time="0.000"><skipped type="pytest.skip" message="pinned upstream AmazonPriceHistory checkout not found at /Users/sunzeyu/Documents/econ benchmark/upstream-amazonbarg (set AEREAD_AMAZONBARG_UPSTREAM_ROOT)">/Users/chenyusu/AERead-worktrees/procurement-phase2/AERead/tests/test_amazonbarg_environment.py:242: pinned upstream AmazonPriceHistory checkout not found at /Users/sunzeyu/Documents/econ benchmark/upstream-amazonbarg (set AEREAD_AMAZONBARG_UPSTREAM_ROOT)</skipped></testcase><testcase classname="tests.test_amazonbarg_environment" name="test_validate_payload_rejects_a_budget_that_is_not_price_times_ratio" time="0.000"><skipped type="pytest.skip" message="pinned upstream AmazonPriceHistory checkout not found at /Users/sunzeyu/Documents/econ benchmark/upstream-amazonbarg (set AEREAD_AMAZONBARG_UPSTREAM_ROOT)">/Users/chenyusu/AERead-worktrees/procurement-phase2/AERead/tests/test_amazonbarg_environment.py:251: pinned upstream AmazonPriceHistory checkout not found at /Users/sunzeyu/Documents/econ benchmark/upstream-amazonbarg (set AEREAD_AMAZONBARG_UPSTREAM_ROOT)</skipped></testcase><testcase classname="tests.test_amazonbarg_environment" name="test_validate_payload_rejects_an_interest_label_inconsistent_with_cost_budget" time="0.000"><skipped type="pytest.skip" message="pinned upstream AmazonPriceHistory checkout not found at /Users/sunzeyu/Documents/econ benchmark/upstream-amazonbarg (set AEREAD_AMAZONBARG_UPSTREAM_ROOT)">/Users/chenyusu/AERead-worktrees/procurement-phase2/AERead/tests/test_amazonbarg_environment.py:260: pinned upstream AmazonPriceHistory checkout not found at /Users/sunzeyu/Documents/econ benchmark/upstream-amazonbarg (set AEREAD_AMAZONBARG_UPSTREAM_ROOT)</skipped></testcase><testcase classname="tests.test_amazonbarg_environment" name="test_validate_payload_rejects_missing_top_level_keys" time="0.000"><skipped type="pytest.skip" message="pinned upstream AmazonPriceHistory checkout not found at /Users/sunzeyu/Documents/econ benchmark/upstream-amazonbarg (set AEREAD_AMAZONBARG_UPSTREAM_ROOT)">/Users/chenyusu/AERead-worktrees/procurement-phase2/AERead/tests/test_amazonbarg_environment.py:269: pinned upstream AmazonPriceHistory checkout not found at /Users/sunzeyu/Documents/econ benchmark/upstream-amazonbarg (set AEREAD_AMAZONBARG_UPSTREAM_ROOT)</skipped></testcase><testcase classname="tests.test_amazonbarg_environment" name="test_validate_payload_rejects_an_upstream_checkout_edited_in_place" time="0.001"><skipped type="pytest.skip" message="pinned upstream AmazonPriceHistory checkout not found at /Users/sunzeyu/Documents/econ benchmark/upstream-amazonbarg (set AEREAD_AMAZONBARG_UPSTREAM_ROOT)">/Users/chenyusu/AERead-worktrees/procurement-phase2/AERead/tests/test_amazonbarg_environment.py:278: pinned upstream AmazonPriceHistory checkout not found at /Users/sunzeyu/Documents/econ benchmark/upstream-amazonbarg (set AEREAD_AMAZONBARG_UPSTREAM_ROOT)</skipped></testcase><testcase classname="tests.test_amazonbarg_environment" name="test_validate_payload_rejects_an_upstream_checkout_at_the_wrong_revision" time="0.000"><skipped type="pytest.skip" message="pinned upstream AmazonPriceHistory checkout not found at /Users/sunzeyu/Documents/econ benchmark/upstream-amazonbarg (set AEREAD_AMAZONBARG_UPSTREAM_ROOT)">/Users/chenyusu/AERead-worktrees/procurement-phase2/AERead/tests/test_amazonbarg_environment.py:302: pinned upstream AmazonPriceHistory checkout not found at /Users/sunzeyu/Documents/econ benchmark/upstream-amazonbarg (set AEREAD_AMAZONBARG_UPSTREAM_ROOT)</skipped></testcase><testcase classname="tests.test_adapter_campaign" name="test_adapter_canary_rejects_a_same_family_checkpoint_for_a_new_spec" time="0.009" /><testcase classname="tests.test_econevals_replay" name="test_recorded_response_source_rejects_phase_seat_mismatch" time="0.005" /><testcase classname="tests.test_amazonbarg_environment" name="test_golden_1_successful_deal_shark_vacuum" time="0.000"><skipped type="pytest.skip" message="pinned upstream AmazonPriceHistory checkout not found at /Users/sunzeyu/Documents/econ benchmark/upstream-amazonbarg (set AEREAD_AMAZONBARG_UPSTREAM_ROOT)">/Users/chenyusu/AERead-worktrees/procurement-phase2/AERead/tests/test_amazonbarg_environment.py:345: pinned upstream AmazonPriceHistory checkout not found at /Users/sunzeyu/Documents/econ benchmark/upstream-amazonbarg (set AEREAD_AMAZONBARG_UPSTREAM_ROOT)</skipped></testcase><testcase classname="tests.test_amazonbarg_environment" name="test_golden_2_valid_but_poor_deal_calphalon" time="0.000"><skipped type="pytest.skip" message="pinned upstream AmazonPriceHistory checkout not found at /Users/sunzeyu/Documents/econ benchmark/upstream-amazonbarg (set AEREAD_AMAZONBARG_UPSTREAM_ROOT)">/Users/chenyusu/AERead-worktrees/procurement-phase2/AERead/tests/test_amazonbarg_environment.py:372: pinned upstream AmazonPriceHistory checkout not found at /Users/sunzeyu/Documents/econ benchmark/upstream-amazonbarg (set AEREAD_AMAZONBARG_UPSTREAM_ROOT)</skipped></testcase><testcase classname="tests.test_amazonbarg_environment" name="test_golden_3_invalid_unauthorized_below_cost_deal_breville" time="0.000"><skipped type="pytest.skip" message="pinned upstream AmazonPriceHistory checkout not found at /Users/sunzeyu/Documents/econ benchmark/upstream-amazonbarg (set AEREAD_AMAZONBARG_UPSTREAM_ROOT)">/Users/chenyusu/AERead-worktrees/procurement-phase2/AERead/tests/test_amazonbarg_environment.py:387: pinned upstream AmazonPriceHistory checkout not found at /Users/sunzeyu/Documents/econ benchmark/upstream-amazonbarg (set AEREAD_AMAZONBARG_UPSTREAM_ROOT)</skipped></testcase><testcase classname="tests.test_amazonbarg_environment" name="test_golden_4_malformed_operational_missing_action_line_bean_bag" time="0.000"><skipped type="pytest.skip" message="pinned upstream AmazonPriceHistory checkout not found at /Users/sunzeyu/Documents/econ benchmark/upstream-amazonbarg (set AEREAD_AMAZONBARG_UPSTREAM_ROOT)">/Users/chenyusu/AERead-worktrees/procurement-phase2/AERead/tests/test_amazonbarg_environment.py:417: pinned upstream AmazonPriceHistory checkout not found at /Users/sunzeyu/Documents/econ benchmark/upstream-amazonbarg (set AEREAD_AMAZONBARG_UPSTREAM_ROOT)</skipped></testcase><testcase classname="tests.test_amazonbarg_environment" name="test_golden_5_degenerate_reference_dji_drone_quits" time="0.000"><skipped type="pytest.skip" message="pinned upstream AmazonPriceHistory checkout not found at /Users/sunzeyu/Documents/econ benchmark/upstream-amazonbarg (set AEREAD_AMAZONBARG_UPSTREAM_ROOT)">/Users/chenyusu/AERead-worktrees/procurement-phase2/AERead/tests/test_amazonbarg_environment.py:433: pinned upstream AmazonPriceHistory checkout not found at /Users/sunzeyu/Documents/econ benchmark/upstream-amazonbarg (set AEREAD_AMAZONBARG_UPSTREAM_ROOT)</skipped></testcase><testcase classname="tests.test_amazonbarg_environment" name="test_turn_limit_terminates_after_max_turns_with_no_deal_or_quit" time="0.000"><skipped type="pytest.skip" message="pinned upstream AmazonPriceHistory checkout not found at /Users/sunzeyu/Documents/econ benchmark/upstream-amazonbarg (set AEREAD_AMAZONBARG_UPSTREAM_ROOT)">/Users/chenyusu/AERead-worktrees/procurement-phase2/AERead/tests/test_amazonbarg_environment.py:456: pinned upstream AmazonPriceHistory checkout not found at /Users/sunzeyu/Documents/econ benchmark/upstream-amazonbarg (set AEREAD_AMAZONBARG_UPSTREAM_ROOT)</skipped></testcase><testcase classname="tests.test_datacenter_affordance" name="test_affordance_provider_free_paths_execute_exactly_and_replay" time="0.327" /><testcase classname="tests.test_econevals_replay" name="test_compare_episode_results_reports_specific_mismatches_not_one_boolean" time="0.000" /><testcase classname="tests.test_econevals_replay" name="test_replay_from_a_json_round_tripped_record_reproduces_the_live_run_byte_identically" time="0.001"><skipped type="pytest.skip" message="no pinned upstream econ-evals Python interpreter found: set $AEREAD_ECONEVALS_BRIDGE_PYTHON to a Python &gt;=3.12 executable with the pinned upstream package importable (see tools/econevals_bridge/provision.sh), or provision the default venv at /Users/sunzeyu/Documents/econ benchmark/bridges/econevals-venv/bin/python. AERead's own venv intentionally does not carry econ-evals' runtime dependencies -- see docs/econevals_adapter_spec.md.">/Users/chenyusu/AERead-worktrees/procurement-phase2/AERead/tests/test_econevals_replay.py:88: no pinned upstream econ-evals Python interpreter found: set $AEREAD_ECONEVALS_BRIDGE_PYTHON to a Python &gt;=3.12 executable with the pinned upstream package importable (see tools/econevals_bridge/provision.sh), or provision the default venv at /Users/sunzeyu/Documents/econ benchmark/bridges/econevals-venv/bin/python. AERead's own venv intentionally does not carry econ-evals' runtime dependencies -- see docs/econevals_adapter_spec.md.</skipped></testcase><testcase classname="tests.test_amazonbarg_environment" name="test_eligible_actors_are_exactly_one_seat_per_phase" time="0.000"><skipped type="pytest.skip" message="pinned upstream AmazonPriceHistory checkout not found at /Users/sunzeyu/Documents/econ benchmark/upstream-amazonbarg (set AEREAD_AMAZONBARG_UPSTREAM_ROOT)">/Users/chenyusu/AERead-worktrees/procurement-phase2/AERead/tests/test_amazonbarg_environment.py:480: pinned upstream AmazonPriceHistory checkout not found at /Users/sunzeyu/Documents/econ benchmark/upstream-amazonbarg (set AEREAD_AMAZONBARG_UPSTREAM_ROOT)</skipped></testcase><testcase classname="tests.test_amazonbarg_environment" name="test_family_manifest_declares_no_tools_and_no_sandbox" time="0.001" /><testcase classname="tests.test_econevals_replay" name="test_replayed_episode_recomputes_both_leaves_from_the_final_attempts_list" time="0.001"><skipped type="pytest.skip" message="no pinned upstream econ-evals Python interpreter found: set $AEREAD_ECONEVALS_BRIDGE_PYTHON to a Python &gt;=3.12 executable with the pinned upstream package importable (see tools/econevals_bridge/provision.sh), or provision the default venv at /Users/sunzeyu/Documents/econ benchmark/bridges/econevals-venv/bin/python. AERead's own venv intentionally does not carry econ-evals' runtime dependencies -- see docs/econevals_adapter_spec.md.">/Users/chenyusu/AERead-worktrees/procurement-phase2/AERead/tests/test_econevals_replay.py:88: no pinned upstream econ-evals Python interpreter found: set $AEREAD_ECONEVALS_BRIDGE_PYTHON to a Python &gt;=3.12 executable with the pinned upstream package importable (see tools/econevals_bridge/provision.sh), or provision the default venv at /Users/sunzeyu/Documents/econ benchmark/bridges/econevals-venv/bin/python. AERead's own venv intentionally does not carry econ-evals' runtime dependencies -- see docs/econevals_adapter_spec.md.</skipped></testcase><testcase classname="tests.test_econevals_replay" name="test_replay_and_verify_end_to_end_returns_a_matching_report" time="0.001"><skipped type="pytest.skip" message="no pinned upstream econ-evals Python interpreter found: set $AEREAD_ECONEVALS_BRIDGE_PYTHON to a Python &gt;=3.12 executable with the pinned upstream package importable (see tools/econevals_bridge/provision.sh), or provision the default venv at /Users/sunzeyu/Documents/econ benchmark/bridges/econevals-venv/bin/python. AERead's own venv intentionally does not carry econ-evals' runtime dependencies -- see docs/econevals_adapter_spec.md.">/Users/chenyusu/AERead-worktrees/procurement-phase2/AERead/tests/test_econevals_replay.py:88: no pinned upstream econ-evals Python interpreter found: set $AEREAD_ECONEVALS_BRIDGE_PYTHON to a Python &gt;=3.12 executable with the pinned upstream package importable (see tools/econevals_bridge/provision.sh), or provision the default venv at /Users/sunzeyu/Documents/econ benchmark/bridges/econevals-venv/bin/python. AERead's own venv intentionally does not carry econ-evals' runtime dependencies -- see docs/econevals_adapter_spec.md.</skipped></testcase><testcase classname="tests.test_econevals_replay" name="test_replay_raises_when_a_recorded_tool_result_is_tampered_with" time="0.000"><skipped type="pytest.skip" message="no pinned upstream econ-evals Python interpreter found: set $AEREAD_ECONEVALS_BRIDGE_PYTHON to a Python &gt;=3.12 executable with the pinned upstream package importable (see tools/econevals_bridge/provision.sh), or provision the default venv at /Users/sunzeyu/Documents/econ benchmark/bridges/econevals-venv/bin/python. AERead's own venv intentionally does not carry econ-evals' runtime dependencies -- see docs/econevals_adapter_spec.md.">/Users/chenyusu/AERead-worktrees/procurement-phase2/AERead/tests/test_econevals_replay.py:88: no pinned upstream econ-evals Python interpreter found: set $AEREAD_ECONEVALS_BRIDGE_PYTHON to a Python &gt;=3.12 executable with the pinned upstream package importable (see tools/econevals_bridge/provision.sh), or provision the default venv at /Users/sunzeyu/Documents/econ benchmark/bridges/econevals-venv/bin/python. AERead's own venv intentionally does not carry econ-evals' runtime dependencies -- see docs/econevals_adapter_spec.md.</skipped></testcase><testcase classname="tests.test_econevals_replay" name="test_replay_requires_a_live_bridge_it_is_not_bridge_free" time="0.000"><skipped type="pytest.skip" message="no pinned upstream econ-evals Python interpreter found: set $AEREAD_ECONEVALS_BRIDGE_PYTHON to a Python &gt;=3.12 executable with the pinned upstream package importable (see tools/econevals_bridge/provision.sh), or provision the default venv at /Users/sunzeyu/Documents/econ benchmark/bridges/econevals-venv/bin/python. AERead's own venv intentionally does not carry econ-evals' runtime dependencies -- see docs/econevals_adapter_spec.md.">/Users/chenyusu/AERead-worktrees/procurement-phase2/AERead/tests/test_econevals_replay.py:88: no pinned upstream econ-evals Python interpreter found: set $AEREAD_ECONEVALS_BRIDGE_PYTHON to a Python &gt;=3.12 executable with the pinned upstream package importable (see tools/econevals_bridge/provision.sh), or provision the default venv at /Users/sunzeyu/Documents/econ benchmark/bridges/econevals-venv/bin/python. AERead's own venv intentionally does not carry econ-evals' runtime dependencies -- see docs/econevals_adapter_spec.md.</skipped></testcase><testcase classname="tests.test_econevals_replay" name="test_replay_case_mismatch_raises_a_typed_replay_error" time="0.001"><skipped type="pytest.skip" message="no pinned upstream econ-evals Python interpreter found: set $AEREAD_ECONEVALS_BRIDGE_PYTHON to a Python &gt;=3.12 executable with the pinned upstream package importable (see tools/econevals_bridge/provision.sh), or provision the default venv at /Users/sunzeyu/Documents/econ benchmark/bridges/econevals-venv/bin/python. AERead's own venv intentionally does not carry econ-evals' runtime dependencies -- see docs/econevals_adapter_spec.md.">/Users/chenyusu/AERead-worktrees/procurement-phase2/AERead/tests/test_econevals_replay.py:88: no pinned upstream econ-evals Python interpreter found: set $AEREAD_ECONEVALS_BRIDGE_PYTHON to a Python &gt;=3.12 executable with the pinned upstream package importable (see tools/econevals_bridge/provision.sh), or provision the default venv at /Users/sunzeyu/Documents/econ benchmark/bridges/econevals-venv/bin/python. AERead's own venv intentionally does not carry econ-evals' runtime dependencies -- see docs/econevals_adapter_spec.md.</skipped></testcase><testcase classname="tests.test_amazonbarg_environment" name="test_empty_reply_content_fails_to_parse_like_upstreams_own_guard" time="0.000"><skipped type="pytest.skip" message="pinned upstream AmazonPriceHistory checkout not found at /Users/sunzeyu/Documents/econ benchmark/upstream-amazonbarg (set AEREAD_AMAZONBARG_UPSTREAM_ROOT)">/Users/chenyusu/AERead-worktrees/procurement-phase2/AERead/tests/test_amazonbarg_environment.py:499: pinned upstream AmazonPriceHistory checkout not found at /Users/sunzeyu/Documents/econ benchmark/upstream-amazonbarg (set AEREAD_AMAZONBARG_UPSTREAM_ROOT)</skipped></testcase><testcase classname="tests.test_amazonbarg_environment" name="test_a_non_deal_non_quit_reply_never_terminates_the_episode" time="0.000"><skipped type="pytest.skip" message="pinned upstream AmazonPriceHistory checkout not found at /Users/sunzeyu/Documents/econ benchmark/upstream-amazonbarg (set AEREAD_AMAZONBARG_UPSTREAM_ROOT)">/Users/chenyusu/AERead-worktrees/procurement-phase2/AERead/tests/test_amazonbarg_environment.py:511: pinned upstream AmazonPriceHistory checkout not found at /Users/sunzeyu/Documents/econ benchmark/upstream-amazonbarg (set AEREAD_AMAZONBARG_UPSTREAM_ROOT)</skipped></testcase><testcase classname="tests.test_amazonbarg_harness" name="test_golden_1_runs_end_to_end_through_the_real_scheduler_and_seals_evidence" time="0.000"><skipped type="pytest.skip" message="pinned upstream AmazonPriceHistory checkout not found at /Users/sunzeyu/Documents/econ benchmark/upstream-amazonbarg (set AEREAD_AMAZONBARG_UPSTREAM_ROOT)">/Users/chenyusu/AERead-worktrees/procurement-phase2/AERead/tests/test_amazonbarg_harness.py:172: pinned upstream AmazonPriceHistory checkout not found at /Users/sunzeyu/Documents/econ benchmark/upstream-amazonbarg (set AEREAD_AMAZONBARG_UPSTREAM_ROOT)</skipped></testcase><testcase classname="tests.test_amazonbarg_harness" name="test_golden_2_runs_end_to_end_through_the_real_scheduler_and_seals_evidence" time="0.000"><skipped type="pytest.skip" message="pinned upstream AmazonPriceHistory checkout not found at /Users/sunzeyu/Documents/econ benchmark/upstream-amazonbarg (set AEREAD_AMAZONBARG_UPSTREAM_ROOT)">/Users/chenyusu/AERead-worktrees/procurement-phase2/AERead/tests/test_amazonbarg_harness.py:209: pinned upstream AmazonPriceHistory checkout not found at /Users/sunzeyu/Documents/econ benchmark/upstream-amazonbarg (set AEREAD_AMAZONBARG_UPSTREAM_ROOT)</skipped></testcase><testcase classname="tests.test_amazonbarg_harness" name="test_golden_3_runs_end_to_end_through_the_real_scheduler_and_seals_evidence" time="0.000"><skipped type="pytest.skip" message="pinned upstream AmazonPriceHistory checkout not found at /Users/sunzeyu/Documents/econ benchmark/upstream-amazonbarg (set AEREAD_AMAZONBARG_UPSTREAM_ROOT)">/Users/chenyusu/AERead-worktrees/procurement-phase2/AERead/tests/test_amazonbarg_harness.py:244: pinned upstream AmazonPriceHistory checkout not found at /Users/sunzeyu/Documents/econ benchmark/upstream-amazonbarg (set AEREAD_AMAZONBARG_UPSTREAM_ROOT)</skipped></testcase><testcase classname="tests.test_amazonbarg_harness" name="test_golden_4_runs_end_to_end_through_the_real_scheduler_and_seals_evidence" time="0.000"><skipped type="pytest.skip" message="pinned upstream AmazonPriceHistory checkout not found at /Users/sunzeyu/Documents/econ benchmark/upstream-amazonbarg (set AEREAD_AMAZONBARG_UPSTREAM_ROOT)">/Users/chenyusu/AERead-worktrees/procurement-phase2/AERead/tests/test_amazonbarg_harness.py:282: pinned upstream AmazonPriceHistory checkout not found at /Users/sunzeyu/Documents/econ benchmark/upstream-amazonbarg (set AEREAD_AMAZONBARG_UPSTREAM_ROOT)</skipped></testcase><testcase classname="tests.test_amazonbarg_harness" name="test_golden_5_runs_end_to_end_through_the_real_scheduler_and_seals_evidence" time="0.000"><skipped type="pytest.skip" message="pinned upstream AmazonPriceHistory checkout not found at /Users/sunzeyu/Documents/econ benchmark/upstream-amazonbarg (set AEREAD_AMAZONBARG_UPSTREAM_ROOT)">/Users/chenyusu/AERead-worktrees/procurement-phase2/AERead/tests/test_amazonbarg_harness.py:318: pinned upstream AmazonPriceHistory checkout not found at /Users/sunzeyu/Documents/econ benchmark/upstream-amazonbarg (set AEREAD_AMAZONBARG_UPSTREAM_ROOT)</skipped></testcase><testcase classname="tests.test_econevals_replay" name="test_finalize_wires_econevals_to_the_shared_family_finalizer" time="0.000"><skipped type="pytest.skip" message="no pinned upstream econ-evals Python interpreter found: set $AEREAD_ECONEVALS_BRIDGE_PYTHON to a Python &gt;=3.12 executable with the pinned upstream package importable (see tools/econevals_bridge/provision.sh), or provision the default venv at /Users/sunzeyu/Documents/econ benchmark/bridges/econevals-venv/bin/python. AERead's own venv intentionally does not carry econ-evals' runtime dependencies -- see docs/econevals_adapter_spec.md.">/Users/chenyusu/AERead-worktrees/procurement-phase2/AERead/tests/test_econevals_replay.py:88: no pinned upstream econ-evals Python interpreter found: set $AEREAD_ECONEVALS_BRIDGE_PYTHON to a Python &gt;=3.12 executable with the pinned upstream package importable (see tools/econevals_bridge/provision.sh), or provision the default venv at /Users/sunzeyu/Documents/econ benchmark/bridges/econevals-venv/bin/python. AERead's own venv intentionally does not carry econ-evals' runtime dependencies -- see docs/econevals_adapter_spec.md.</skipped></testcase><testcase classname="tests.test_econevals_replay" name="test_econevals_receipt_replays_and_refuses_a_resealed_tamper" time="0.000"><skipped type="pytest.skip" message="no pinned upstream econ-evals Python interpreter found: set $AEREAD_ECONEVALS_BRIDGE_PYTHON to a Python &gt;=3.12 executable with the pinned upstream package importable (see tools/econevals_bridge/provision.sh), or provision the default venv at /Users/sunzeyu/Documents/econ benchmark/bridges/econevals-venv/bin/python. AERead's own venv intentionally does not carry econ-evals' runtime dependencies -- see docs/econevals_adapter_spec.md.">/Users/chenyusu/AERead-worktrees/procurement-phase2/AERead/tests/test_econevals_replay.py:88: no pinned upstream econ-evals Python interpreter found: set $AEREAD_ECONEVALS_BRIDGE_PYTHON to a Python &gt;=3.12 executable with the pinned upstream package importable (see tools/econevals_bridge/provision.sh), or provision the default venv at /Users/sunzeyu/Documents/econ benchmark/bridges/econevals-venv/bin/python. AERead's own venv intentionally does not carry econ-evals' runtime dependencies -- see docs/econevals_adapter_spec.md.</skipped></testcase><testcase classname="tests.test_econevals_tools" name="test_build_tool_definitions_declares_exactly_the_tracks_tool_set[procurement]" time="0.000" /><testcase classname="tests.test_econevals_tools" name="test_build_tool_definitions_declares_exactly_the_tracks_tool_set[scheduling]" time="0.000" /><testcase classname="tests.test_econevals_tools" name="test_build_tool_definitions_declares_exactly_the_tracks_tool_set[pricing]" time="0.002" /><testcase classname="tests.test_econevals_tools" name="test_exactly_one_mutating_tool_per_track[procurement]" time="0.001" /><testcase classname="tests.test_adapter_campaign" name="test_adapter_canary_rejects_a_checkpoint_for_a_new_plan" time="0.009" /><testcase classname="tests.test_amazonbarg_harness" name="test_harness_rejects_a_response_served_for_the_wrong_seat" time="0.000"><skipped type="pytest.skip" message="pinned upstream AmazonPriceHistory checkout not found at /Users/sunzeyu/Documents/econ benchmark/upstream-amazonbarg (set AEREAD_AMAZONBARG_UPSTREAM_ROOT)">/Users/chenyusu/AERead-worktrees/procurement-phase2/AERead/tests/test_amazonbarg_harness.py:351: pinned upstream AmazonPriceHistory checkout not found at /Users/sunzeyu/Documents/econ benchmark/upstream-amazonbarg (set AEREAD_AMAZONBARG_UPSTREAM_ROOT)</skipped></testcase><testcase classname="tests.test_amazonbarg_harness" name="test_harness_raises_when_the_script_is_exhausted_before_termination" time="0.002"><skipped type="pytest.skip" message="pinned upstream AmazonPriceHistory checkout not found at /Users/sunzeyu/Documents/econ benchmark/upstream-amazonbarg (set AEREAD_AMAZONBARG_UPSTREAM_ROOT)">/Users/chenyusu/AERead-worktrees/procurement-phase2/AERead/tests/test_amazonbarg_harness.py:367: pinned upstream AmazonPriceHistory checkout not found at /Users/sunzeyu/Documents/econ benchmark/upstream-amazonbarg (set AEREAD_AMAZONBARG_UPSTREAM_ROOT)</skipped></testcase><testcase classname="tests.test_amazonbarg_harness" name="test_seal_is_idempotent_across_repeated_episode_completed_calls" time="0.005" /><testcase classname="tests.test_adapter_campaign" name="test_adapter_canary_sanitizes_provider_failure_fields" time="0.002" /><testcase classname="tests.test_econevals_tools" name="test_exactly_one_mutating_tool_per_track[scheduling]" time="0.001" /><testcase classname="tests.test_datacenter_terms_public_candidate_screen" name="test_candidate_screen_passes_gate_and_admission" time="0.368" /><testcase classname="tests.test_econevals_tools" name="test_exactly_one_mutating_tool_per_track[pricing]" time="0.001" /><testcase classname="tests.test_amazonbarg_measurement" name="test_build_leaves_declares_exactly_five_leaves_every_time" time="0.002" /><testcase classname="tests.test_adapter_campaign" name="test_adapter_canary_rejects_non_finite_or_negative_costs[-5.0]" time="0.003" /><testcase classname="tests.test_econevals_tools" name="test_write_notes_and_read_notes_declare_their_own_argument_schemas" time="0.001" /><testcase classname="tests.test_amazonbarg_measurement" name="test_deal_authenticity_leaf_is_a_delegated_rule_constraint" time="0.000" /><testcase classname="tests.test_amazonbarg_measurement" name="test_zopa_membership_leaf_is_a_rule_constraint_distinct_from_authenticity" time="0.001" /><testcase classname="tests.test_econevals_tools" name="test_submit_tool_schema_names_the_tracks_own_argument" time="0.000" /><testcase classname="tests.test_amazonbarg_measurement" name="test_bound_leaves_are_two_separate_objective_reference_leaves" time="0.001" /><testcase classname="tests.test_amazonbarg_measurement" name="test_bargained_ratio_leaf_is_comparative_with_no_objective_scope" time="0.000" /><testcase classname="tests.test_amazonbarg_measurement" name="test_bound_leaf_direction_is_a_documented_placeholder_not_a_real_kernel_none" time="0.000" /><testcase classname="tests.test_amazonbarg_measurement" name="test_build_metrics_line_mirrors_upstreams_own_session_py_shape" time="0.000"><skipped type="pytest.skip" message="pinned upstream AmazonPriceHistory checkout not found at /Users/sunzeyu/Documents/econ benchmark/upstream-amazonbarg (set AEREAD_AMAZONBARG_UPSTREAM_ROOT)">/Users/chenyusu/AERead-worktrees/procurement-phase2/AERead/tests/test_amazonbarg_measurement.py:290: pinned upstream AmazonPriceHistory checkout not found at /Users/sunzeyu/Documents/econ benchmark/upstream-amazonbarg (set AEREAD_AMAZONBARG_UPSTREAM_ROOT)</skipped></testcase><testcase classname="tests.test_amazonbarg_measurement" name="test_golden_1_successful_deal_shark_vacuum" time="0.000"><skipped type="pytest.skip" message="pinned upstream AmazonPriceHistory checkout not found at /Users/sunzeyu/Documents/econ benchmark/upstream-amazonbarg (set AEREAD_AMAZONBARG_UPSTREAM_ROOT)">/Users/chenyusu/AERead-worktrees/procurement-phase2/AERead/tests/test_amazonbarg_measurement.py:398: pinned upstream AmazonPriceHistory checkout not found at /Users/sunzeyu/Documents/econ benchmark/upstream-amazonbarg (set AEREAD_AMAZONBARG_UPSTREAM_ROOT)</skipped></testcase><testcase classname="tests.test_econevals_tools" name="test_tool_session_mirrors_initial_state_shape" time="0.000" /><testcase classname="tests.test_econevals_tools" name="test_tool_session_advance_period_reaches_max_periods_termination" time="0.000" /><testcase classname="tests.test_econevals_tools" name="test_read_only_tool_call_through_tool_runtime_returns_the_dispatched_content" time="0.001"><skipped type="pytest.skip" message="no pinned upstream econ-evals Python interpreter found: set $AEREAD_ECONEVALS_BRIDGE_PYTHON to a Python &gt;=3.12 executable with the pinned upstream package importable (see tools/econevals_bridge/provision.sh), or provision the default venv at /Users/sunzeyu/Documents/econ benchmark/bridges/econevals-venv/bin/python. AERead's own venv intentionally does not carry econ-evals' runtime dependencies -- see docs/econevals_adapter_spec.md.">/Users/chenyusu/AERead-worktrees/procurement-phase2/AERead/tests/test_econevals_tools.py:46: no pinned upstream econ-evals Python interpreter found: set $AEREAD_ECONEVALS_BRIDGE_PYTHON to a Python &gt;=3.12 executable with the pinned upstream package importable (see tools/econevals_bridge/provision.sh), or provision the default venv at /Users/sunzeyu/Documents/econ benchmark/bridges/econevals-venv/bin/python. AERead's own venv intentionally does not carry econ-evals' runtime dependencies -- see docs/econevals_adapter_spec.md.</skipped></testcase><testcase classname="tests.test_amazonbarg_measurement" name="test_amazonbarg_scorer_call_returns_every_declared_leaf_never_just_the_primary" time="0.000"><skipped type="pytest.skip" message="pinned upstream AmazonPriceHistory checkout not found at /Users/sunzeyu/Documents/econ benchmark/upstream-amazonbarg (set AEREAD_AMAZONBARG_UPSTREAM_ROOT)">/Users/chenyusu/AERead-worktrees/procurement-phase2/AERead/tests/test_amazonbarg_measurement.py:446: pinned upstream AmazonPriceHistory checkout not found at /Users/sunzeyu/Documents/econ benchmark/upstream-amazonbarg (set AEREAD_AMAZONBARG_UPSTREAM_ROOT)</skipped></testcase><testcase classname="tests.test_amazonbarg_measurement" name="test_amazonbarg_scorer_call_orders_primary_first_then_lexical_leaf_id" time="0.001"><skipped type="pytest.skip" message="pinned upstream AmazonPriceHistory checkout not found at /Users/sunzeyu/Documents/econ benchmark/upstream-amazonbarg (set AEREAD_AMAZONBARG_UPSTREAM_ROOT)">/Users/chenyusu/AERead-worktrees/procurement-phase2/AERead/tests/test_amazonbarg_measurement.py:515: pinned upstream AmazonPriceHistory checkout not found at /Users/sunzeyu/Documents/econ benchmark/upstream-amazonbarg (set AEREAD_AMAZONBARG_UPSTREAM_ROOT)</skipped></testcase><testcase classname="tests.test_amazonbarg_measurement" name="test_amazonbarg_scorer_call_raises_when_upstream_root_is_missing" time="0.001" /><testcase classname="tests.test_econevals_tools" name="test_submit_tool_call_through_tool_runtime_mutates_the_shared_session" time="0.001"><skipped type="pytest.skip" message="no pinned upstream econ-evals Python interpreter found: set $AEREAD_ECONEVALS_BRIDGE_PYTHON to a Python &gt;=3.12 executable with the pinned upstream package importable (see tools/econevals_bridge/provision.sh), or provision the default venv at /Users/sunzeyu/Documents/econ benchmark/bridges/econevals-venv/bin/python. AERead's own venv intentionally does not carry econ-evals' runtime dependencies -- see docs/econevals_adapter_spec.md.">/Users/chenyusu/AERead-worktrees/procurement-phase2/AERead/tests/test_econevals_tools.py:46: no pinned upstream econ-evals Python interpreter found: set $AEREAD_ECONEVALS_BRIDGE_PYTHON to a Python &gt;=3.12 executable with the pinned upstream package importable (see tools/econevals_bridge/provision.sh), or provision the default venv at /Users/sunzeyu/Documents/econ benchmark/bridges/econevals-venv/bin/python. AERead's own venv intentionally does not carry econ-evals' runtime dependencies -- see docs/econevals_adapter_spec.md.</skipped></testcase><testcase classname="tests.test_everos_memory" name="test_act_passes_observation_and_returns_llm_text" time="0.001" /><testcase classname="tests.test_everos_memory" name="test_act_injects_recalled_memories" time="0.001" /><testcase classname="tests.test_everos_memory" name="test_search_query_includes_episode_label_and_phase" time="0.001" /><testcase classname="tests.test_amazonbarg_measurement" name="test_golden_2_valid_but_poor_deal_calphalon" time="0.000"><skipped type="pytest.skip" message="pinned upstream AmazonPriceHistory checkout not found at /Users/sunzeyu/Documents/econ benchmark/upstream-amazonbarg (set AEREAD_AMAZONBARG_UPSTREAM_ROOT)">/Users/chenyusu/AERead-worktrees/procurement-phase2/AERead/tests/test_amazonbarg_measurement.py:576: pinned upstream AmazonPriceHistory checkout not found at /Users/sunzeyu/Documents/econ benchmark/upstream-amazonbarg (set AEREAD_AMAZONBARG_UPSTREAM_ROOT)</skipped></testcase><testcase classname="tests.test_amazonbarg_measurement" name="test_golden_3_invalid_unauthorized_below_cost_deal_breville" time="0.000"><skipped type="pytest.skip" message="pinned upstream AmazonPriceHistory checkout not found at /Users/sunzeyu/Documents/econ benchmark/upstream-amazonbarg (set AEREAD_AMAZONBARG_UPSTREAM_ROOT)">/Users/chenyusu/AERead-worktrees/procurement-phase2/AERead/tests/test_amazonbarg_measurement.py:593: pinned upstream AmazonPriceHistory checkout not found at /Users/sunzeyu/Documents/econ benchmark/upstream-amazonbarg (set AEREAD_AMAZONBARG_UPSTREAM_ROOT)</skipped></testcase><testcase classname="tests.test_amazonbarg_measurement" name="test_golden_4_malformed_operational_missing_action_line_bean_bag" time="0.000"><skipped type="pytest.skip" message="pinned upstream AmazonPriceHistory checkout not found at /Users/sunzeyu/Documents/econ benchmark/upstream-amazonbarg (set AEREAD_AMAZONBARG_UPSTREAM_ROOT)">/Users/chenyusu/AERead-worktrees/procurement-phase2/AERead/tests/test_amazonbarg_measurement.py:618: pinned upstream AmazonPriceHistory checkout not found at /Users/sunzeyu/Documents/econ benchmark/upstream-amazonbarg (set AEREAD_AMAZONBARG_UPSTREAM_ROOT)</skipped></testcase><testcase classname="tests.test_amazonbarg_measurement" name="test_golden_5_degenerate_reference_dji_drone_quits" time="0.000"><skipped type="pytest.skip" message="pinned upstream AmazonPriceHistory checkout not found at /Users/sunzeyu/Documents/econ benchmark/upstream-amazonbarg (set AEREAD_AMAZONBARG_UPSTREAM_ROOT)">/Users/chenyusu/AERead-worktrees/procurement-phase2/AERead/tests/test_amazonbarg_measurement.py:643: pinned upstream AmazonPriceHistory checkout not found at /Users/sunzeyu/Documents/econ benchmark/upstream-amazonbarg (set AEREAD_AMAZONBARG_UPSTREAM_ROOT)</skipped></testcase><testcase classname="tests.test_amazonbarg_measurement" name="test_conflicting_interest_session_whose_scripted_trajectory_still_closes_a_deal" time="0.000"><skipped type="pytest.skip" message="pinned upstream AmazonPriceHistory checkout not found at /Users/sunzeyu/Documents/econ benchmark/upstream-amazonbarg (set AEREAD_AMAZONBARG_UPSTREAM_ROOT)">/Users/chenyusu/AERead-worktrees/procurement-phase2/AERead/tests/test_amazonbarg_measurement.py:670: pinned upstream AmazonPriceHistory checkout not found at /Users/sunzeyu/Documents/econ benchmark/upstream-amazonbarg (set AEREAD_AMAZONBARG_UPSTREAM_ROOT)</skipped></testcase><testcase classname="tests.test_adapter_campaign" name="test_adapter_canary_rejects_non_finite_or_negative_costs[nan]" time="0.009" /><testcase classname="tests.test_everos_memory" name="test_end_episode_posts_transcript_and_flushes" time="0.000" /><testcase classname="tests.test_everos_memory" name="test_null_memory_is_a_clean_control" time="0.000" /><testcase classname="tests.test_everos_memory" name="test_memory_failure_is_nonfatal" time="0.000" /><testcase classname="tests.test_everos_memory" name="test_distill_reflection_is_llm_written" time="0.000" /><testcase classname="tests.test_amazonbarg_measurement" name="test_narrow_bargaining_room_does_not_let_a_deal_above_the_real_budget_pass_zopa" time="0.000"><skipped type="pytest.skip" message="pinned upstream AmazonPriceHistory checkout not found at /Users/sunzeyu/Documents/econ benchmark/upstream-amazonbarg (set AEREAD_AMAZONBARG_UPSTREAM_ROOT)">/Users/chenyusu/AERead-worktrees/procurement-phase2/AERead/tests/test_amazonbarg_measurement.py:712: pinned upstream AmazonPriceHistory checkout not found at /Users/sunzeyu/Documents/econ benchmark/upstream-amazonbarg (set AEREAD_AMAZONBARG_UPSTREAM_ROOT)</skipped></testcase><testcase classname="tests.test_amazonbarg_measurement" name="test_gate_is_none_when_a_real_deal_can_be_reported" time="0.000" /><testcase classname="tests.test_amazonbarg_measurement" name="test_gate_reports_action_error_prefix_on_wrong_action" time="0.000" /><testcase classname="tests.test_amazonbarg_measurement" name="test_gate_reports_degenerate_prefix_when_cost_exceeds_budget" time="0.000" /><testcase classname="tests.test_amazonbarg_measurement" name="test_gate_reports_no_deal_prefix_when_no_deal_closed" time="0.000" /><testcase classname="tests.test_amazonbarg_measurement" name="test_gate_reports_no_evidence_prefix_when_metrics_never_ran" time="0.000" /><testcase classname="tests.test_amazonbarg_measurement" name="test_score_bargained_ratio_rejects_an_unknown_tested_seat" time="0.002" /><testcase classname="tests.test_everos_memory" name="test_distill_failure_falls_back_to_template" time="0.001" /><testcase classname="tests.test_aucarena_measurement" name="test_profit_vs_field_reference_hash_distinguishes_item_order_not_only_the_field" time="0.001" /><testcase classname="tests.test_aucarena_measurement" name="test_build_scorer_reference_hash_reflects_the_real_cases_item_order" time="0.050" /><testcase classname="tests.test_amazonbarg_measurement" name="test_score_bargained_ratio_rejects_a_missing_tested_seat" time="0.001" /><testcase classname="tests.test_adapter_campaign" name="test_adapter_canary_rejects_non_finite_or_negative_costs[inf]" time="0.006" /><testcase classname="tests.test_everos_memory" name="test_min_score_passes_through_to_search" time="0.001" /><testcase classname="tests.test_amazonbarg_measurement" name="test_score_bargained_ratio_for_subject_seats_reports_no_subject_seat_when_empty" time="0.000" /><testcase classname="tests.test_amazonbarg_measurement" name="test_score_bargained_ratio_for_subject_seats_reports_ambiguous_when_two_seats" time="0.000" /><testcase classname="tests.test_everos_memory" name="test_agent_case_items_format_into_snippets" time="0.001" /><testcase classname="tests.test_everos_memory" name="test_recall_drops_snippets_from_failed_episodes" time="0.001" /><testcase classname="tests.test_amazonbarg_measurement" name="test_score_bargained_ratio_for_subject_seats_reports_unknown_seat_id" time="0.000" /><testcase classname="tests.test_amazonbarg_measurement" name="test_score_bargained_ratio_for_subject_seats_delegates_arithmetic_for_one_valid_seat" time="0.000" /><testcase classname="tests.test_everos_memory" name="test_recall_keeps_failed_snippets_when_nothing_else" time="0.001" /><testcase classname="tests.test_amazonbarg_replay" name="test_recorded_episode_round_trips_through_plain_json" time="0.000" /><testcase classname="tests.test_amazonbarg_replay" name="test_recorded_response_source_enforces_ordering_and_reports_exhaustion" time="0.004" /><testcase classname="tests.test_everos_memory" name="test_overfetch_expands_search_then_caps_after_filter" time="0.001" /><testcase classname="tests.test_everos_memory" name="test_llm_fn_retries_empty_with_escalated_budget" time="0.001" /><testcase classname="tests.test_everos_memory" name="test_begin_episode_resets_buffer_and_session" time="0.000" /><testcase classname="tests.test_adapter_campaign" name="test_adapter_canary_rejects_an_unreported_cost" time="0.002" /><testcase classname="tests.test_amazonbarg_replay" name="test_recorded_response_source_rejects_phase_seat_mismatch" time="0.002" /><testcase classname="tests.test_adapter_campaign" name="test_adapter_canary_does_not_treat_a_malformed_cost_as_free" time="0.006" /><testcase classname="tests.test_amazonbarg_replay" name="test_compare_episode_results_reports_specific_mismatches_not_one_boolean" time="0.001" /><testcase classname="tests.test_amazonbarg_replay" name="test_replay_case_mismatch_raises_a_typed_replay_error" time="0.000"><skipped type="pytest.skip" message="pinned upstream AmazonPriceHistory checkout not found at /Users/sunzeyu/Documents/econ benchmark/upstream-amazonbarg (set AEREAD_AMAZONBARG_UPSTREAM_ROOT)">/Users/chenyusu/AERead-worktrees/procurement-phase2/AERead/tests/test_amazonbarg_replay.py:341: pinned upstream AmazonPriceHistory checkout not found at /Users/sunzeyu/Documents/econ benchmark/upstream-amazonbarg (set AEREAD_AMAZONBARG_UPSTREAM_ROOT)</skipped></testcase><testcase classname="tests.test_amazonbarg_replay" name="test_record_episode_from_evidence_reads_the_sealed_disk_store_not_memory" time="0.000"><skipped type="pytest.skip" message="pinned upstream AmazonPriceHistory checkout not found at /Users/sunzeyu/Documents/econ benchmark/upstream-amazonbarg (set AEREAD_AMAZONBARG_UPSTREAM_ROOT)">/Users/chenyusu/AERead-worktrees/procurement-phase2/AERead/tests/test_amazonbarg_replay.py:356: pinned upstream AmazonPriceHistory checkout not found at /Users/sunzeyu/Documents/econ benchmark/upstream-amazonbarg (set AEREAD_AMAZONBARG_UPSTREAM_ROOT)</skipped></testcase><testcase classname="tests.test_amazonbarg_replay" name="test_record_episode_from_evidence_detects_tampering_on_disk" time="0.000"><skipped type="pytest.skip" message="pinned upstream AmazonPriceHistory checkout not found at /Users/sunzeyu/Documents/econ benchmark/upstream-amazonbarg (set AEREAD_AMAZONBARG_UPSTREAM_ROOT)">/Users/chenyusu/AERead-worktrees/procurement-phase2/AERead/tests/test_amazonbarg_replay.py:395: pinned upstream AmazonPriceHistory checkout not found at /Users/sunzeyu/Documents/econ benchmark/upstream-amazonbarg (set AEREAD_AMAZONBARG_UPSTREAM_ROOT)</skipped></testcase><testcase classname="tests.test_amazonbarg_replay" name="test_golden_1_replay_reproduces_state_byte_identically" time="0.000"><skipped type="pytest.skip" message="pinned upstream AmazonPriceHistory checkout not found at /Users/sunzeyu/Documents/econ benchmark/upstream-amazonbarg (set AEREAD_AMAZONBARG_UPSTREAM_ROOT)">/Users/chenyusu/AERead-worktrees/procurement-phase2/AERead/tests/test_amazonbarg_replay.py:446: pinned upstream AmazonPriceHistory checkout not found at /Users/sunzeyu/Documents/econ benchmark/upstream-amazonbarg (set AEREAD_AMAZONBARG_UPSTREAM_ROOT)</skipped></testcase><testcase classname="tests.test_amazonbarg_replay" name="test_golden_2_replay_reproduces_state_byte_identically" time="0.000"><skipped type="pytest.skip" message="pinned upstream AmazonPriceHistory checkout not found at /Users/sunzeyu/Documents/econ benchmark/upstream-amazonbarg (set AEREAD_AMAZONBARG_UPSTREAM_ROOT)">/Users/chenyusu/AERead-worktrees/procurement-phase2/AERead/tests/test_amazonbarg_replay.py:462: pinned upstream AmazonPriceHistory checkout not found at /Users/sunzeyu/Documents/econ benchmark/upstream-amazonbarg (set AEREAD_AMAZONBARG_UPSTREAM_ROOT)</skipped></testcase><testcase classname="tests.test_amazonbarg_replay" name="test_golden_3_replay_reproduces_state_byte_identically" time="0.000"><skipped type="pytest.skip" message="pinned upstream AmazonPriceHistory checkout not found at /Users/sunzeyu/Documents/econ benchmark/upstream-amazonbarg (set AEREAD_AMAZONBARG_UPSTREAM_ROOT)">/Users/chenyusu/AERead-worktrees/procurement-phase2/AERead/tests/test_amazonbarg_replay.py:473: pinned upstream AmazonPriceHistory checkout not found at /Users/sunzeyu/Documents/econ benchmark/upstream-amazonbarg (set AEREAD_AMAZONBARG_UPSTREAM_ROOT)</skipped></testcase><testcase classname="tests.test_amazonbarg_replay" name="test_golden_4_replay_reproduces_state_byte_identically" time="0.000"><skipped type="pytest.skip" message="pinned upstream AmazonPriceHistory checkout not found at /Users/sunzeyu/Documents/econ benchmark/upstream-amazonbarg (set AEREAD_AMAZONBARG_UPSTREAM_ROOT)">/Users/chenyusu/AERead-worktrees/procurement-phase2/AERead/tests/test_amazonbarg_replay.py:484: pinned upstream AmazonPriceHistory checkout not found at /Users/sunzeyu/Documents/econ benchmark/upstream-amazonbarg (set AEREAD_AMAZONBARG_UPSTREAM_ROOT)</skipped></testcase><testcase classname="tests.test_amazonbarg_replay" name="test_golden_5_replay_reproduces_state_byte_identically" time="0.000"><skipped type="pytest.skip" message="pinned upstream AmazonPriceHistory checkout not found at /Users/sunzeyu/Documents/econ benchmark/upstream-amazonbarg (set AEREAD_AMAZONBARG_UPSTREAM_ROOT)">/Users/chenyusu/AERead-worktrees/procurement-phase2/AERead/tests/test_amazonbarg_replay.py:505: pinned upstream AmazonPriceHistory checkout not found at /Users/sunzeyu/Documents/econ benchmark/upstream-amazonbarg (set AEREAD_AMAZONBARG_UPSTREAM_ROOT)</skipped></testcase><testcase classname="tests.test_everos_memory" name="test_client_add_flush_search_round_trip" time="0.536" /><testcase classname="tests.test_adapter_campaign" name="test_adapter_canary_does_not_checkpoint_unexpected_internal_errors" time="0.002" /><testcase classname="tests.test_amazonbarg_replay" name="test_golden_1_replay_recomputes_score_byte_identically_for_both_seats" time="0.000"><skipped type="pytest.skip" message="pinned upstream AmazonPriceHistory checkout not found at /Users/sunzeyu/Documents/econ benchmark/upstream-amazonbarg (set AEREAD_AMAZONBARG_UPSTREAM_ROOT)">/Users/chenyusu/AERead-worktrees/procurement-phase2/AERead/tests/test_amazonbarg_replay.py:516: pinned upstream AmazonPriceHistory checkout not found at /Users/sunzeyu/Documents/econ benchmark/upstream-amazonbarg (set AEREAD_AMAZONBARG_UPSTREAM_ROOT)</skipped></testcase><testcase classname="tests.test_amazonbarg_replay" name="test_golden_4_replay_recomputes_an_invalid_measurement_score_identically" time="0.000"><skipped type="pytest.skip" message="pinned upstream AmazonPriceHistory checkout not found at /Users/sunzeyu/Documents/econ benchmark/upstream-amazonbarg (set AEREAD_AMAZONBARG_UPSTREAM_ROOT)">/Users/chenyusu/AERead-worktrees/procurement-phase2/AERead/tests/test_amazonbarg_replay.py:549: pinned upstream AmazonPriceHistory checkout not found at /Users/sunzeyu/Documents/econ benchmark/upstream-amazonbarg (set AEREAD_AMAZONBARG_UPSTREAM_ROOT)</skipped></testcase><testcase classname="tests.test_amazonbarg_replay" name="test_golden_5_replay_recomputes_a_degenerate_score_identically" time="0.000"><skipped type="pytest.skip" message="pinned upstream AmazonPriceHistory checkout not found at /Users/sunzeyu/Documents/econ benchmark/upstream-amazonbarg (set AEREAD_AMAZONBARG_UPSTREAM_ROOT)">/Users/chenyusu/AERead-worktrees/procurement-phase2/AERead/tests/test_amazonbarg_replay.py:588: pinned upstream AmazonPriceHistory checkout not found at /Users/sunzeyu/Documents/econ benchmark/upstream-amazonbarg (set AEREAD_AMAZONBARG_UPSTREAM_ROOT)</skipped></testcase><testcase classname="tests.test_amazonbarg_replay" name="test_replay_and_verify_end_to_end_returns_a_matching_report" time="0.000"><skipped type="pytest.skip" message="pinned upstream AmazonPriceHistory checkout not found at /Users/sunzeyu/Documents/econ benchmark/upstream-amazonbarg (set AEREAD_AMAZONBARG_UPSTREAM_ROOT)">/Users/chenyusu/AERead-worktrees/procurement-phase2/AERead/tests/test_amazonbarg_replay.py:612: pinned upstream AmazonPriceHistory checkout not found at /Users/sunzeyu/Documents/econ benchmark/upstream-amazonbarg (set AEREAD_AMAZONBARG_UPSTREAM_ROOT)</skipped></testcase><testcase classname="tests.test_amazonbarg_replay" name="test_replay_and_verify_reports_not_comparable_rather_than_a_fabricated_match" time="0.000"><skipped type="pytest.skip" message="pinned upstream AmazonPriceHistory checkout not found at /Users/sunzeyu/Documents/econ benchmark/upstream-amazonbarg (set AEREAD_AMAZONBARG_UPSTREAM_ROOT)">/Users/chenyusu/AERead-worktrees/procurement-phase2/AERead/tests/test_amazonbarg_replay.py:642: pinned upstream AmazonPriceHistory checkout not found at /Users/sunzeyu/Documents/econ benchmark/upstream-amazonbarg (set AEREAD_AMAZONBARG_UPSTREAM_ROOT)</skipped></testcase><testcase classname="tests.test_amazonbarg_replay" name="test_replay_of_a_tampered_response_diverges_rather_than_raising" time="0.000"><skipped type="pytest.skip" message="pinned upstream AmazonPriceHistory checkout not found at /Users/sunzeyu/Documents/econ benchmark/upstream-amazonbarg (set AEREAD_AMAZONBARG_UPSTREAM_ROOT)">/Users/chenyusu/AERead-worktrees/procurement-phase2/AERead/tests/test_amazonbarg_replay.py:690: pinned upstream AmazonPriceHistory checkout not found at /Users/sunzeyu/Documents/econ benchmark/upstream-amazonbarg (set AEREAD_AMAZONBARG_UPSTREAM_ROOT)</skipped></testcase><testcase classname="tests.test_amazonbarg_replay" name="test_finalize_wires_amazonbarg_to_the_shared_family_finalizer" time="0.000"><skipped type="pytest.skip" message="pinned upstream AmazonPriceHistory checkout not found at /Users/sunzeyu/Documents/econ benchmark/upstream-amazonbarg (set AEREAD_AMAZONBARG_UPSTREAM_ROOT)">/Users/chenyusu/AERead-worktrees/procurement-phase2/AERead/tests/test_amazonbarg_replay.py:1176: pinned upstream AmazonPriceHistory checkout not found at /Users/sunzeyu/Documents/econ benchmark/upstream-amazonbarg (set AEREAD_AMAZONBARG_UPSTREAM_ROOT)</skipped></testcase><testcase classname="tests.test_amazonbarg_replay" name="test_finalize_reports_ambiguous_subject_seat_honestly_and_does_not_raise" time="0.000"><skipped type="pytest.skip" message="pinned upstream AmazonPriceHistory checkout not found at /Users/sunzeyu/Documents/econ benchmark/upstream-amazonbarg (set AEREAD_AMAZONBARG_UPSTREAM_ROOT)">/Users/chenyusu/AERead-worktrees/procurement-phase2/AERead/tests/test_amazonbarg_replay.py:1275: pinned upstream AmazonPriceHistory checkout not found at /Users/sunzeyu/Documents/econ benchmark/upstream-amazonbarg (set AEREAD_AMAZONBARG_UPSTREAM_ROOT)</skipped></testcase><testcase classname="tests.test_amazonbarg_shim" name="test_global_miss_counter_starts_at_zero_in_a_fresh_process" time="0.000" /><testcase classname="tests.test_adapter_campaign" name="test_adapter_canary_does_not_seal_an_internal_type_error" time="0.002" /><testcase classname="tests.test_amazonbarg_shim" name="test_delegated_import_of_session_never_touches_the_network" time="0.000"><skipped type="pytest.skip" message="pinned upstream AmazonPriceHistory checkout not found at /Users/sunzeyu/Documents/econ benchmark/upstream-amazonbarg (set AEREAD_AMAZONBARG_UPSTREAM_ROOT)">/Users/chenyusu/AERead-worktrees/procurement-phase2/AERead/tests/test_amazonbarg_shim.py:65: pinned upstream AmazonPriceHistory checkout not found at /Users/sunzeyu/Documents/econ benchmark/upstream-amazonbarg (set AEREAD_AMAZONBARG_UPSTREAM_ROOT)</skipped></testcase><testcase classname="tests.test_amazonbarg_shim" name="test_no_network_guard_blocks_a_real_connect_attempt" time="0.000" /><testcase classname="tests.test_amazonbarg_shim" name="test_import_parse_reply_delegates_upstreams_own_three_field_grammar" time="0.000"><skipped type="pytest.skip" message="pinned upstream AmazonPriceHistory checkout not found at /Users/sunzeyu/Documents/econ benchmark/upstream-amazonbarg (set AEREAD_AMAZONBARG_UPSTREAM_ROOT)">/Users/chenyusu/AERead-worktrees/procurement-phase2/AERead/tests/test_amazonbarg_shim.py:93: pinned upstream AmazonPriceHistory checkout not found at /Users/sunzeyu/Documents/econ benchmark/upstream-amazonbarg (set AEREAD_AMAZONBARG_UPSTREAM_ROOT)</skipped></testcase><testcase classname="tests.test_amazonbarg_shim" name="test_import_action_parser_delegates_upstreams_own_extraction_regex" time="0.000"><skipped
[...]
t_a_second_draw_buys_nothing_without_noise" time="0.005" /><testcase classname="tests.test_procurement_noisy_sampling" name="test_a_malformed_noise_block_is_rejected[noise0]" time="0.002" /><testcase classname="tests.test_procurement_noisy_sampling" name="test_a_malformed_noise_block_is_rejected[noise1]" time="0.001" /><testcase classname="tests.test_procurement_noisy_sampling" name="test_a_malformed_noise_block_is_rejected[noise2]" time="0.001" /><testcase classname="tests.test_procurement_noisy_sampling" name="test_a_malformed_noise_block_is_rejected[noise3]" time="0.001" /><testcase classname="tests.test_procurement_noisy_sampling" name="test_a_malformed_noise_block_is_rejected[noise4]" time="0.001" /><testcase classname="tests.test_procurement_noisy_sampling" name="test_a_malformed_noise_block_is_rejected[binomial]" time="0.001" /><testcase classname="tests.test_procurement_noisy_sampling" name="test_the_same_contract_reproduces_the_same_draws" time="0.008" /><testcase classname="tests.test_exchange_economy" name="test_visibility_gap_private_acceptance_treatment_has_no_deterministic_auto_block" time="0.001" /><testcase classname="tests.test_exchange_economy" name="test_visibility_gap_partial_clearing_treatment_is_one_isolated_knob" time="0.001" /><testcase classname="tests.test_exchange_economy" name="test_t0_recurring_search_configs_are_detachable_pair" time="0.001" /><testcase classname="tests.test_exchange_economy" name="test_t0_recurring_search_prompt_discloses_only_active_pressure_knobs" time="0.002" /><testcase classname="tests.test_exchange_economy" name="test_t0_indirect_routing_config_uses_per_contact_cost_without_rule_bonus" time="0.000" /><testcase classname="tests.test_exchange_economy" name="test_per_contact_cost_counts_actual_prompted_responders_without_rule_discount" time="0.000" /><testcase classname="tests.test_exchange_economy" name="test_t0_indirect_routing_charges_visible_contacts_when_no_public_expansion" time="0.001" /><testcase classname="tests.test_exchange_economy" name="test_partial_clearing_is_disclosed_in_cacheable_protocol_context_and_validates" time="0.001" /><testcase classname="tests.test_exchange_economy" name="test_partial_clearing_finalizer_compiler_and_verifier_receive_same_rule" time="0.000" /><testcase classname="tests.test_exchange_economy" name="test_agent_facing_history_sanitizes_compiler_mechanism_labels" time="0.000" /><testcase classname="tests.test_exchange_economy" name="test_controller_contact_communication_scope_does_not_auto_prompt_every_agent" time="0.000" /><testcase classname="tests.test_exchange_economy" name="test_solicited_public_response_scope_requires_explicit_public_solicitation" time="0.000" /><testcase classname="tests.test_exchange_economy" name="test_solicited_public_response_scope_honors_structured_action_fields" time="0.000" /><testcase classname="tests.test_exchange_economy" name="test_solicited_public_response_scope_honors_controller_communication_request" time="0.000" /><testcase classname="tests.test_exchange_economy" name="test_solicited_public_response_scope_honors_accept_counter_and_consent_requests" time="0.000" /><testcase classname="tests.test_exchange_economy" name="test_solicited_public_response_scope_honors_targeted_nonvisible_addressees" time="0.000" /><testcase classname="tests.test_exchange_economy" name="test_solicited_public_response_scope_does_not_expand_on_headings_only" time="0.000" /><testcase classname="tests.test_exchange_economy" name="test_solicited_public_prompt_reveals_exact_trigger_without_raw_knob_names" time="0.000" /><testcase classname="tests.test_exchange_economy" name="test_information_reveal_text_validator_detects_missing_and_extra_items" time="0.000" /><testcase classname="tests.test_exchange_economy" name="test_atomic_commit_runner_skips_controller_amend_finalization" time="0.000" /><testcase classname="tests.test_exchange_economy" name="test_private_acceptance_rejection_blocks_finalized_transfer" time="0.000" /><testcase classname="tests.test_exchange_economy" name="test_structured_private_acceptance_audit_classifies_wrong_positive_approval" time="0.000" /><testcase classname="tests.test_exchange_economy" name="test_hybrid_private_acceptance_blocks_negative_llm_approval" time="0.000" /><testcase classname="tests.test_exchange_economy" name="test_default_private_acceptance_does_not_auto_block_malformed_output" time="0.000" /><testcase classname="tests.test_exchange_economy" name="test_private_acceptance_invalid_quantity_is_malformed_not_crash" time="0.000" /><testcase classname="tests.test_exchange_economy" name="test_strict_private_acceptance_mode_still_blocks_malformed_output" time="0.000" /><testcase classname="tests.test_exchange_economy" name="test_deterministic_oracle_private_acceptance_allows_only_positive_deltas" time="0.000" /><testcase classname="tests.test_exchange_economy" name="test_runner_deterministic_oracle_private_acceptance_skips_llm_acceptance_call" time="0.000" /><testcase classname="tests.test_exchange_economy" name="test_run_summary_reports_private_acceptance_error_decomposition" time="0.000" /><testcase classname="tests.test_exchange_economy" name="test_build_run_summary_payload_includes_revision_fields" time="0.003" /><testcase classname="tests.test_exchange_economy" name="test_private_acceptance_approval_allows_finalized_transfer" time="0.000" /><testcase classname="tests.test_exchange_economy" name="test_private_acceptance_prompt_asks_for_private_json_approval_without_public_leakage" time="0.000" /><testcase classname="tests.test_exchange_economy" name="test_private_acceptance_prompt_keeps_finalized_mechanism_in_cacheable_prefix" time="0.000" /><testcase classname="tests.test_exchange_economy" name="test_private_acceptance_decision_requires_explicit_json_approval" time="0.000" /><testcase classname="tests.test_exchange_economy" name="test_ir_enforce_off_tags_violation_but_applies_on_blocks_and_preserves_world" time="0.000" /><testcase classname="tests.test_exchange_economy" name="test_ir_enforce_still_applies_ir_valid_trade" time="0.000" /><testcase classname="tests.test_exchange_economy" name="test_ir_enforce_config_flag_parses_and_defaults_off" time="0.000" /><testcase classname="tests.test_exchange_economy" name="test_reveal_all_private_values_parses_and_defaults_off" time="0.000" /><testcase classname="tests.test_exchange_economy" name="test_reveal_all_private_values_flag_discloses_every_agent_table" time="0.000" /><testcase classname="tests.test_exchange_economy" name="test_reveal_all_private_values_stays_out_of_cacheable_shared_prefix" time="0.000" /><testcase classname="tests.test_exchange_procurement" name="test_config_loads_and_validates_preconditions" time="0.001" /><testcase classname="tests.test_exchange_procurement" name="test_oracle_matches_hand_computed_min_cost" time="0.000" /><testcase classname="tests.test_exchange_procurement" name="test_oracle_award_passes_validation_at_cost_prices" time="0.000" /><testcase classname="tests.test_exchange_procurement" name="test_off_list_award_is_flagged_even_if_cheaper" time="0.000" /><testcase classname="tests.test_exchange_procurement" name="test_over_budget_and_unauthorized_spend_flags" time="0.000" /><testcase classname="tests.test_exchange_procurement" name="test_capacity_moq_and_deadline_violations" time="0.000" /><testcase classname="tests.test_exchange_procurement" name="test_incomplete_award_strands_spend" time="0.000" /><testcase classname="tests.test_exchange_procurement" name="test_welfare_accounting_splits_buyer_surplus_and_supplier_margin" time="0.001" /><testcase classname="tests.test_exchange_procurement" name="test_supplier_quote_uses_the_d11_concession_schedule" time="0.000" /><testcase classname="tests.test_exchange_procurement" name="test_random_world_generator_is_deterministic_and_loadable" time="0.000" /><testcase classname="tests.test_exchange_procurement" name="test_loader_rejects_degenerate_cases" time="0.002" /><testcase classname="tests.test_exchange_rl_env" name="test_config_loads_as_2_agent_atomic_commit" time="0.001" /><testcase classname="tests.test_exchange_rl_env" name="test_propose_alone_does_not_move_resources_or_pay_reward" time="0.000" /><testcase classname="tests.test_exchange_rl_env" name="test_propose_then_accept_executes_mutually_beneficial_trade" time="0.000" /><testcase classname="tests.test_exchange_rl_env" name="test_propose_then_reject_leaves_state_unchanged" time="0.000" /><testcase classname="tests.test_exchange_rl_env" name="test_no_op_round_is_a_true_pass" time="0.000" /><testcase classname="tests.test_exchange_rl_env" name="test_infeasible_propose_clamps_instead_of_crashing" time="0.000" /><testcase classname="tests.test_exchange_rl_env" name="test_episode_terminates_at_configured_round_count_and_reset_clears_state" time="0.000" /><testcase classname="tests.test_exchange_rl_env" name="test_reward_sum_matches_final_minus_initial_utility_over_a_trajectory" time="0.000" /><testcase classname="tests.test_exchange_subgame_oracles" name="test_extracts_bilateral_offer_with_same_proposal_ir_oracle" time="0.000" /><testcase classname="tests.test_exchange_subgame_oracles" name="test_private_acceptance_oracle_flags_wrong_rejection" time="0.000" /><testcase classname="tests.test_exchange_subgame_oracles" name="test_extracts_multiparty_clearing_for_rejected_positive_bundle" time="0.000" /><testcase classname="tests.test_exchange_subgame_oracles" name="test_same_proposal_ir_oracle_does_not_credit_applied_non_ir_bundle" time="0.000" /><testcase classname="tests.test_exchange_subgame_oracles" name="test_detects_public_rule_update_and_repeated_dyad_reuse" time="0.000" /><testcase classname="tests.test_exchange_subgame_oracles" name="test_summary_groups_by_episode_type_and_normalized_gain" time="0.000" /><testcase classname="tests.test_exchange_subgame_oracles" name="test_d_dimension_summary_maps_disclosure_to_settlement_pipeline" time="0.000" /><testcase classname="tests.test_exchange_v1_baselines" name="test_frozen_set_is_v1_main_plus_six_ladder_configs" time="0.000" /><testcase classname="tests.test_exchange_v1_baselines" name="test_every_frozen_config_passes_d1_acceptance" time="0.008" /><testcase classname="tests.test_exchange_v1_baselines" name="test_v1_main_uses_response_aware_finalization_and_partial_clearing" time="0.000" /><testcase classname="tests.test_exchange_v1_baselines" name="test_compute_baselines_record_is_deterministic_and_well_formed" time="0.377" /><testcase classname="tests.test_exchange_v1_baselines" name="test_freeze_then_check_round_trip" time="0.123" /><testcase classname="tests.test_exchange_v1_baselines" name="test_freeze_refuses_and_check_flags_missing_metadata_field" time="0.123" /><testcase classname="tests.test_exchange_v1_baselines" name="test_ordering_values_match_validity_result_on_v1_main" time="0.383" /><testcase classname="tests.test_exchange_v1_baselines" name="test_ordering_cell_distinguishes_tie_from_inversion" time="0.000" /><testcase classname="tests.test_exchange_v1_baselines" name="test_records_from_manifest_round_trips_the_frozen_manifest" time="0.001" /><testcase classname="tests.test_exchange_v1_baselines" name="test_markdown_table_has_one_row_per_config" time="0.097" /><testcase classname="tests.test_exchange_v1_candidates" name="test_noop_candidate_completes_and_verifies" time="0.179" /><testcase classname="tests.test_exchange_v1_candidates" name="test_random_candidate_is_seeded_deterministic" time="0.001" /><testcase classname="tests.test_exchange_v1_candidates" name="test_random_candidate_completes_and_verifies" time="0.150" /><testcase classname="tests.test_exchange_v1_filters" name="test_rejects_no_meaningful_surplus" time="0.000" /><testcase classname="tests.test_exchange_v1_filters" name="test_rejects_no_ir_safe_path" time="0.000" /><testcase classname="tests.test_exchange_v1_filters" name="test_rejects_excessive_random_capture" time="0.000" /><testcase classname="tests.test_exchange_v1_filters" name="test_rejects_excessive_greedy_capture" time="0.000" /><testcase classname="tests.test_exchange_v1_filters" name="test_rejects_insufficient_greedy_floor" time="0.000" /><testcase classname="tests.test_collusion_replay" name="test_same_opponent_condition_baseline_differs_from_nash_vs_nash_pi_nash_for_an_asymmetric_opponent" time="20.195" /><testcase classname="tests.test_collusion_replay" name="test_replay_and_verify_reproduces_state_and_score_byte_identically_with_zero_provider_calls" time="8.663" /><testcase classname="tests.test_collusion_replay" name="test_finalize_wires_collusion_to_the_shared_family_finalizer" time="0.076" /><testcase classname="tests.test_collusion_replay" name="test_finalize_family_execution_rejects_a_collusion_scorer_that_forges_evidence_refs" time="0.089" /><testcase classname="tests.test_commercial_state_calibration" name="test_pack_and_all_nine_case_manifests_validate" time="0.008" /><testcase classname="tests.test_commercial_state_calibration" name="test_agent_observation_excludes_oracle_and_termination_criteria" time="0.002" /><testcase classname="tests.test_commercial_state_calibration" name="test_provider_schema_is_case_specific_but_does_not_reveal_gold_choice" time="0.002" /><testcase classname="tests.test_commercial_state_calibration" name="test_every_case_has_a_strict_perfect_response_and_deterministic_score" time="0.006" /><testcase classname="tests.test_commercial_state_calibration" name="test_strong_fixture_runs_end_to_end_and_scores_one" time="0.013" /><testcase classname="tests.test_commercial_state_calibration" name="test_finalize_wires_commercial_state_to_the_shared_family_finalizer" time="0.023" /><testcase classname="tests.test_commercial_state_calibration" name="test_structurally_valid_but_poor_fixture_preserves_partial_metrics" time="0.013" /><testcase classname="tests.test_commercial_state_calibration" name="test_forbidden_claim_action_and_external_attempt_zero_primary_score" time="0.013" /><testcase classname="tests.test_commercial_state_calibration" name="test_adversarial_or_malformed_responses_are_invalid_not_crashes[&lt;lambda&gt;0]" time="0.011" /><testcase classname="tests.test_commercial_state_calibration" name="test_adversarial_or_malformed_responses_are_invalid_not_crashes[&lt;lambda&gt;1]" time="0.011" /><testcase classname="tests.test_commercial_state_calibration" name="test_adversarial_or_malformed_responses_are_invalid_not_crashes[&lt;lambda&gt;2]" time="0.010" /><testcase classname="tests.test_commercial_state_calibration" name="test_openrouter_setup_resolves_without_calling_a_provider" time="0.004" /><testcase classname="tests.test_commercial_state_calibration" name="test_offline_setup_pins_family_scorer_and_reference" time="0.003" /><testcase classname="tests.test_commercial_state_campaign" name="test_contract_resolves_complete_paired_matrix" time="0.427" /><testcase classname="tests.test_commercial_state_campaign" name="test_contract_rejects_route_drift" time="0.002" /><testcase classname="tests.test_commercial_state_campaign" name="test_provider_free_gate_covers_all_cases_and_failure_classes" time="0.848" /><testcase classname="tests.test_commercial_state_campaign" name="test_profile_admission_requires_exact_route_and_schema_support" time="0.019" /><testcase classname="tests.test_commercial_state_campaign" name="test_fake_campaign_runs_all_cells_exports_facts_and_resumes" time="5.794" /><testcase classname="tests.test_commercial_state_campaign" name="test_full_trajectory_failure_is_typed_and_blocks_gate" time="0.540" /><testcase classname="tests.test_consent_ir" name="test_oracle_finds_exact_best_ir_cycle" time="0.001" /><testcase classname="tests.test_consent_ir" name="test_registry_accepts_native_builtin" time="0.000" /><testcase classname="tests.test_consent_ir" name="test_real_scheduler_scores_valid_invalid_and_malformed_cycles[{&quot;cycle&quot;:[1,2]}-expected_cycle0-True-8.0]" time="0.001" /><testcase classname="tests.test_consent_ir" name="test_real_scheduler_scores_valid_invalid_and_malformed_cycles[{&quot;cycle&quot;:[1,3]}-expected_cycle1-False-0.0]" time="0.001" /><testcase classname="tests.test_consent_ir" name="test_real_scheduler_scores_valid_invalid_and_malformed_cycles[{&quot;cycle&quot;:[1,1]}-expected_cycle2-False-0.0]" time="0.001" /><testcase classname="tests.test_consent_ir" name="test_real_scheduler_scores_valid_invalid_and_malformed_cycles[not json-expected_cycle3-False-0.0]" time="0.001" /><testcase classname="tests.test_consent_ir" name="test_payload_rejects_non_square_or_nonbeneficial_worlds" time="0.000" /><testcase classname="tests.test_datacenter_action_schema" name="test_action_schema_cases_are_hash_pinned_and_differ_only_by_condition" time="0.001" /><testcase classname="tests.test_datacenter_action_schema" name="test_action_schema_initial_observations_and_profiles_are_identical" time="0.052" /><testcase classname="tests.test_datacenter_action_schema" name="test_action_schema_phase_graph_declares_both_post_counter_paths" time="0.002" /><testcase classname="tests.test_datacenter_action_schema" name="test_action_schema_provider_free_paths_score_one_and_replay" time="0.162" /><testcase classname="tests.test_datacenter_action_schema" name="test_action_schema_campaign_is_paired_bounded_and_noninferential" time="0.433" /><testcase classname="tests.test_datacenter_action_schema" name="test_action_schema_pair_summary_keeps_operational_missingness" time="0.000" /><testcase classname="tests.test_datacenter_action_schema" name="test_action_schema_v2_prompt_pins_the_opening_action_fields" time="0.000" /><testcase classname="tests.test_datacenter_action_schema" name="test_action_schema_v2_conditions_keep_identical_live_profiles" time="0.055" /><testcase classname="tests.test_datacenter_action_schema" name="test_action_schema_v2_provider_free_paths_score_one_and_replay" time="0.171" /><testcase classname="tests.test_datacenter_action_schema" name="test_action_schema_v2_is_a_fresh_full_panel" time="0.516" /><testcase classname="tests.test_datacenter_action_schema" name="test_published_action_schema_campaigns_are_sealed_and_sanitized" time="0.010" /><testcase classname="tests.test_datacenter_action_schema" name="test_published_action_schema_v1_preserves_instrumentation_failure" time="0.001" /><testcase classname="tests.test_datacenter_action_schema" name="test_published_action_schema_v2_preserves_qualified_null_result" time="0.001" /><testcase classname="tests.test_datacenter_adoption" name="test_adoption_cases_are_hash_pinned_nested_prefixes" time="0.001" /><testcase classname="tests.test_datacenter_adoption" name="test_adoption_developer_observation_hides_private_policy" time="0.002" /><testcase classname="tests.test_datacenter_adoption" name="test_counterparty_forces_first_counter_even_for_exact_terms" time="0.002" /><testcase classname="tests.test_datacenter_adoption" name="test_provider_free_adoption_ladder_scores_one_and_replays" time="0.443" /><testcase classname="tests.test_datacenter_adoption" name="test_invalid_developer_action_is_included_with_zero" time="0.024" /><testcase classname="tests.test_datacenter_adoption" name="test_adoption_campaign_is_paired_bounded_and_noninferential" time="0.089" /><testcase classname="tests.test_datacenter_adoption" name="test_v2_cases_and_starter_terms_are_hash_pinned" time="0.007" /><testcase classname="tests.test_datacenter_adoption" name="test_v2_walk_with_explanation_is_valid_not_malformed" time="0.002" /><testcase classname="tests.test_datacenter_adoption" name="test_v2_provider_free_ladder_scores_one_and_replays" time="0.460" /><testcase classname="tests.test_datacenter_adoption" name="test_v2_campaign_is_full_panel_not_selective_retry" time="0.166" /><testcase classname="tests.test_datacenter_adoption" name="test_v3_nullable_offer_prose_preserves_structured_terms" time="0.002" /><testcase classname="tests.test_datacenter_adoption" name="test_v3_provider_free_ladder_and_design" time="0.748" /></testsuite></testsuites>